------------------------------------
--- File created by Amnesia tool ---
------------------------------------


----------------------------------
--- Architecture Configuration ---
----------------------------------

--- Main Memory ---

Memory size: 8 word(s) 
Block size: 2 word(s)/block 
Cycles per access read: 1 unity 
Cycles per access write: 2 unity 
Time cycle: 10 time unity 

--- Cache Memory ---

Cache type: UNIFIED / Level: 1 
Memory size: 4 word(s) 
Block size: 2 word(s)/block 
Cycles per access read: 1 unity 
Cycles per access write: 2 unity 
Time cicle: 1 time unity 
Associativity level: 1 block(s)/set 
Write policy: WriteThrough 
Replacement algorithm: FIFO 


-------------------------
---       Trace       ---
-------------------------

2 0
2 1
2 2
2 1
2 2
2 3
2 4
2 5
2 6
2 7

------------------------------
---      Execution Log     ---
------------------------------

Location: MAINMEMORY
Action = Stored data in Main Memory  
Block = 0 


Location: MAINMEMORY
Action = Stored data in Main Memory  
Block = 1 


Location: MAINMEMORY
Action = Stored data in Main Memory  
Block = 2 


Location: MAINMEMORY
Action = Stored data in Main Memory  
Block = 3 


----------------------- Step: 001 to 010 || Trace: 2 0 -----------------------

Location: CACHE
 Action = load operation  -  Access Type = miss 
 Cache Type = Accessing Unified Cache  -  Cache Level = 1 
|-------------------------------------------------------------------------------------|
|                         Byte Address: 000000000000000000000000000000XX (32 bits)    |
|                         Word Address: 000000000000000000000000000000   (30 bits)    |
|-------------------------------------------------------------------------------------|
|                              Block                              |   Word  |   Byte  |
|               Tag              |              Set               |  OffSet |  OffSet |
|-------------------------------------------------------------------------------------|
|    0000000000000000000000000000|                               0|        0|      XX |
|-------------------------------------------------------------------------------------|
|                         28 bits|                          1 bits|   1 bits|   2 bits|
|-------------------------------------------------------------------------------------|

Location: MAINMEMORY
Action = Loading data from Main Memory  
Block = 0 


Location: CACHE
 Action = store operation  -  Access Type = miss 
 Cache Type = Accessing Unified Cache  -  Cache Level = 1 
|-------------------------------------------------------------------------------------|
|                         Byte Address: 000000000000000000000000000000XX (32 bits)    |
|                         Word Address: 000000000000000000000000000000   (30 bits)    |
|-------------------------------------------------------------------------------------|
|                              Block                              |   Word  |   Byte  |
|               Tag              |              Set               |  OffSet |  OffSet |
|-------------------------------------------------------------------------------------|
|    0000000000000000000000000000|                               0|        0|      XX |
|-------------------------------------------------------------------------------------|
|                         28 bits|                          1 bits|   1 bits|   2 bits|
|-------------------------------------------------------------------------------------|

----------------------- Step: 002 to 010 || Trace: 2 1 -----------------------

Location: CACHE
 Action = load operation  -  Access Type = hit 
 Cache Type = Accessing Unified Cache  -  Cache Level = 1 
|-------------------------------------------------------------------------------------|
|                         Byte Address: 000000000000000000000000000001XX (32 bits)    |
|                         Word Address: 000000000000000000000000000001   (30 bits)    |
|-------------------------------------------------------------------------------------|
|                              Block                              |   Word  |   Byte  |
|               Tag              |              Set               |  OffSet |  OffSet |
|-------------------------------------------------------------------------------------|
|    0000000000000000000000000000|                               0|        1|      XX |
|-------------------------------------------------------------------------------------|
|                         28 bits|                          1 bits|   1 bits|   2 bits|
|-------------------------------------------------------------------------------------|

----------------------- Step: 003 to 010 || Trace: 2 2 -----------------------

Location: CACHE
 Action = load operation  -  Access Type = miss 
 Cache Type = Accessing Unified Cache  -  Cache Level = 1 
|-------------------------------------------------------------------------------------|
|                         Byte Address: 000000000000000000000000000010XX (32 bits)    |
|                         Word Address: 000000000000000000000000000010   (30 bits)    |
|-------------------------------------------------------------------------------------|
|                              Block                              |   Word  |   Byte  |
|               Tag              |              Set               |  OffSet |  OffSet |
|-------------------------------------------------------------------------------------|
|    0000000000000000000000000000|                               1|        0|      XX |
|-------------------------------------------------------------------------------------|
|                         28 bits|                          1 bits|   1 bits|   2 bits|
|-------------------------------------------------------------------------------------|

Location: MAINMEMORY
Action = Loading data from Main Memory  
Block = 1 


Location: CACHE
 Action = store operation  -  Access Type = miss 
 Cache Type = Accessing Unified Cache  -  Cache Level = 1 
|-------------------------------------------------------------------------------------|
|                         Byte Address: 000000000000000000000000000010XX (32 bits)    |
|                         Word Address: 000000000000000000000000000010   (30 bits)    |
|-------------------------------------------------------------------------------------|
|                              Block                              |   Word  |   Byte  |
|               Tag              |              Set               |  OffSet |  OffSet |
|-------------------------------------------------------------------------------------|
|    0000000000000000000000000000|                               1|        0|      XX |
|-------------------------------------------------------------------------------------|
|                         28 bits|                          1 bits|   1 bits|   2 bits|
|-------------------------------------------------------------------------------------|

----------------------- Step: 004 to 010 || Trace: 2 1 -----------------------

Location: CACHE
 Action = load operation  -  Access Type = hit 
 Cache Type = Accessing Unified Cache  -  Cache Level = 1 
|-------------------------------------------------------------------------------------|
|                         Byte Address: 000000000000000000000000000001XX (32 bits)    |
|                         Word Address: 000000000000000000000000000001   (30 bits)    |
|-------------------------------------------------------------------------------------|
|                              Block                              |   Word  |   Byte  |
|               Tag              |              Set               |  OffSet |  OffSet |
|-------------------------------------------------------------------------------------|
|    0000000000000000000000000000|                               0|        1|      XX |
|-------------------------------------------------------------------------------------|
|                         28 bits|                          1 bits|   1 bits|   2 bits|
|-------------------------------------------------------------------------------------|

----------------------- Step: 005 to 010 || Trace: 2 2 -----------------------

Location: CACHE
 Action = load operation  -  Access Type = hit 
 Cache Type = Accessing Unified Cache  -  Cache Level = 1 
|-------------------------------------------------------------------------------------|
|                         Byte Address: 000000000000000000000000000010XX (32 bits)    |
|                         Word Address: 000000000000000000000000000010   (30 bits)    |
|-------------------------------------------------------------------------------------|
|                              Block                              |   Word  |   Byte  |
|               Tag              |              Set               |  OffSet |  OffSet |
|-------------------------------------------------------------------------------------|
|    0000000000000000000000000000|                               1|        0|      XX |
|-------------------------------------------------------------------------------------|
|                         28 bits|                          1 bits|   1 bits|   2 bits|
|-------------------------------------------------------------------------------------|

----------------------- Step: 006 to 010 || Trace: 2 3 -----------------------

Location: CACHE
 Action = load operation  -  Access Type = hit 
 Cache Type = Accessing Unified Cache  -  Cache Level = 1 
|-------------------------------------------------------------------------------------|
|                         Byte Address: 000000000000000000000000000011XX (32 bits)    |
|                         Word Address: 000000000000000000000000000011   (30 bits)    |
|-------------------------------------------------------------------------------------|
|                              Block                              |   Word  |   Byte  |
|               Tag              |              Set               |  OffSet |  OffSet |
|-------------------------------------------------------------------------------------|
|    0000000000000000000000000000|                               1|        1|      XX |
|-------------------------------------------------------------------------------------|
|                         28 bits|                          1 bits|   1 bits|   2 bits|
|-------------------------------------------------------------------------------------|

----------------------- Step: 007 to 010 || Trace: 2 4 -----------------------

Location: CACHE
 Action = load operation  -  Access Type = miss 
 Cache Type = Accessing Unified Cache  -  Cache Level = 1 
|-------------------------------------------------------------------------------------|
|                         Byte Address: 000000000000000000000000000100XX (32 bits)    |
|                         Word Address: 000000000000000000000000000100   (30 bits)    |
|-------------------------------------------------------------------------------------|
|                              Block                              |   Word  |   Byte  |
|               Tag              |              Set               |  OffSet |  OffSet |
|-------------------------------------------------------------------------------------|
|    0000000000000000000000000001|                               0|        0|      XX |
|-------------------------------------------------------------------------------------|
|                         28 bits|                          1 bits|   1 bits|   2 bits|
|-------------------------------------------------------------------------------------|

Location: MAINMEMORY
Action = Loading data from Main Memory  
Block = 2 


Location: CACHE
 Action = store operation  -  Access Type = miss 
 Cache Type = Accessing Unified Cache  -  Cache Level = 1 
|-------------------------------------------------------------------------------------|
|                         Byte Address: 000000000000000000000000000100XX (32 bits)    |
|                         Word Address: 000000000000000000000000000100   (30 bits)    |
|-------------------------------------------------------------------------------------|
|                              Block                              |   Word  |   Byte  |
|               Tag              |              Set               |  OffSet |  OffSet |
|-------------------------------------------------------------------------------------|
|    0000000000000000000000000001|                               0|        0|      XX |
|-------------------------------------------------------------------------------------|
|                         28 bits|                          1 bits|   1 bits|   2 bits|
|-------------------------------------------------------------------------------------|

----------------------- Step: 008 to 010 || Trace: 2 5 -----------------------

Location: CACHE
 Action = load operation  -  Access Type = hit 
 Cache Type = Accessing Unified Cache  -  Cache Level = 1 
|-------------------------------------------------------------------------------------|
|                         Byte Address: 000000000000000000000000000101XX (32 bits)    |
|                         Word Address: 000000000000000000000000000101   (30 bits)    |
|-------------------------------------------------------------------------------------|
|                              Block                              |   Word  |   Byte  |
|               Tag              |              Set               |  OffSet |  OffSet |
|-------------------------------------------------------------------------------------|
|    0000000000000000000000000001|                               0|        1|      XX |
|-------------------------------------------------------------------------------------|
|                         28 bits|                          1 bits|   1 bits|   2 bits|
|-------------------------------------------------------------------------------------|

----------------------- Step: 009 to 010 || Trace: 2 6 -----------------------

Location: CACHE
 Action = load operation  -  Access Type = miss 
 Cache Type = Accessing Unified Cache  -  Cache Level = 1 
|-------------------------------------------------------------------------------------|
|                         Byte Address: 000000000000000000000000000110XX (32 bits)    |
|                         Word Address: 000000000000000000000000000110   (30 bits)    |
|-------------------------------------------------------------------------------------|
|                              Block                              |   Word  |   Byte  |
|               Tag              |              Set               |  OffSet |  OffSet |
|-------------------------------------------------------------------------------------|
|    0000000000000000000000000001|                               1|        0|      XX |
|-------------------------------------------------------------------------------------|
|                         28 bits|                          1 bits|   1 bits|   2 bits|
|-------------------------------------------------------------------------------------|

Location: MAINMEMORY
Action = Loading data from Main Memory  
Block = 3 


Location: CACHE
 Action = store operation  -  Access Type = miss 
 Cache Type = Accessing Unified Cache  -  Cache Level = 1 
|-------------------------------------------------------------------------------------|
|                         Byte Address: 000000000000000000000000000110XX (32 bits)    |
|                         Word Address: 000000000000000000000000000110   (30 bits)    |
|-------------------------------------------------------------------------------------|
|                              Block                              |   Word  |   Byte  |
|               Tag              |              Set               |  OffSet |  OffSet |
|-------------------------------------------------------------------------------------|
|    0000000000000000000000000001|                               1|        0|      XX |
|-------------------------------------------------------------------------------------|
|                         28 bits|                          1 bits|   1 bits|   2 bits|
|-------------------------------------------------------------------------------------|

----------------------- Step: 010 to 010 || Trace: 2 7 -----------------------

Location: CACHE
 Action = load operation  -  Access Type = hit 
 Cache Type = Accessing Unified Cache  -  Cache Level = 1 
|-------------------------------------------------------------------------------------|
|                         Byte Address: 000000000000000000000000000111XX (32 bits)    |
|                         Word Address: 000000000000000000000000000111   (30 bits)    |
|-------------------------------------------------------------------------------------|
|                              Block                              |   Word  |   Byte  |
|               Tag              |              Set               |  OffSet |  OffSet |
|-------------------------------------------------------------------------------------|
|    0000000000000000000000000001|                               1|        1|      XX |
|-------------------------------------------------------------------------------------|
|                         28 bits|                          1 bits|   1 bits|   2 bits|
|-------------------------------------------------------------------------------------|

------------------------------
---       Statistics       ---
------------------------------

Unified Cache - Level 1
  Read Access: 10
  Read Cycles: 10
  Read Time: 10
  Write Access: 0
  Write Cycles: 0
  Write Time: 0
  Total Access: 10
  Total Hit: 6
  Total Miss: 4
  Hit/rate: 0.6
  Total Time: 10

Main Memory
  Read Access: 4
  Read Cycles: 4
  Read Time: 40
  Write Access: 0
  Write Cycles: 0
  Write Time: 0
  Total Access: 4
  Total Time: 40

 Total Time: 50