------------------------------------
--- File created by Amnesia tool ---
------------------------------------


----------------------------------
--- Architecture Configuration ---
----------------------------------

--- Main Memory ---

Memory size: 8 word(s) 
Block size: 1 word(s)/block 
Cycles per access read: 1 unity 
Cycles per access write: 2 unity 
Time cycle: 10 time unity 

--- Cache Memory ---

Cache type: SPLITTED / Level: 1 
Memory size: 4 word(s) 
Block size: 1 word(s)/block 
Cycles per access read: 1 unity 
Cycles per access write: 2 unity 
Time cicle: 1 time unity 
Associativity level: 1 block(s)/set 
Write policy: WriteThrough 
Replacement algorithm: FIFO 


-------------------------
---       Trace       ---
-------------------------

2 0
2 1
1 3
0 3
2 4
2 5

------------------------------
---      Execution Log     ---
------------------------------

Location: MAINMEMORY
Action = Stored data in Main Memory  
Block = 0 


Location: MAINMEMORY
Action = Stored data in Main Memory  
Block = 1 


Location: MAINMEMORY
Action = Stored data in Main Memory  
Block = 2 


Location: MAINMEMORY
Action = Stored data in Main Memory  
Block = 3 


Location: MAINMEMORY
Action = Stored data in Main Memory  
Block = 4 


Location: MAINMEMORY
Action = Stored data in Main Memory  
Block = 5 


----------------------- Step: 001 to 006 || Trace: 2 0 -----------------------

Location: CACHE
 Action = load operation  -  Access Type = miss 
 Cache Type = Accessing Instruction cache  -  Cache Level = 1 
|-------------------------------------------------------------------------------------|
|                         Byte Address: 000000000000000000000000000000XX (32 bits)    |
|                         Word Address: 000000000000000000000000000000   (30 bits)    |
|-------------------------------------------------------------------------------------|
|                              Block                              |   Word  |   Byte  |
|               Tag              |              Set               |  OffSet |  OffSet |
|-------------------------------------------------------------------------------------|
|    0000000000000000000000000000|                              00|      ---|      XX |
|-------------------------------------------------------------------------------------|
|                         28 bits|                          2 bits|   0 bits|   2 bits|
|-------------------------------------------------------------------------------------|

Location: MAINMEMORY
Action = Loading data from Main Memory  
Block = 0 


Location: CACHE
 Action = store operation  -  Access Type = miss 
 Cache Type = Accessing Instruction TLB  -  Cache Level = 1 
|-------------------------------------------------------------------------------------|
|                         Byte Address: 000000000000000000000000000000XX (32 bits)    |
|                         Word Address: 000000000000000000000000000000   (30 bits)    |
|-------------------------------------------------------------------------------------|
|                              Block                              |   Word  |   Byte  |
|               Tag              |              Set               |  OffSet |  OffSet |
|-------------------------------------------------------------------------------------|
|    0000000000000000000000000000|                              00|      ---|      XX |
|-------------------------------------------------------------------------------------|
|                         28 bits|                          2 bits|   0 bits|   2 bits|
|-------------------------------------------------------------------------------------|

----------------------- Step: 002 to 006 || Trace: 2 1 -----------------------

Location: CACHE
 Action = load operation  -  Access Type = miss 
 Cache Type = Accessing Instruction cache  -  Cache Level = 1 
|-------------------------------------------------------------------------------------|
|                         Byte Address: 000000000000000000000000000001XX (32 bits)    |
|                         Word Address: 000000000000000000000000000001   (30 bits)    |
|-------------------------------------------------------------------------------------|
|                              Block                              |   Word  |   Byte  |
|               Tag              |              Set               |  OffSet |  OffSet |
|-------------------------------------------------------------------------------------|
|    0000000000000000000000000000|                              01|      ---|      XX |
|-------------------------------------------------------------------------------------|
|                         28 bits|                          2 bits|   0 bits|   2 bits|
|-------------------------------------------------------------------------------------|

Location: MAINMEMORY
Action = Loading data from Main Memory  
Block = 1 


Location: CACHE
 Action = store operation  -  Access Type = miss 
 Cache Type = Accessing Instruction TLB  -  Cache Level = 1 
|-------------------------------------------------------------------------------------|
|                         Byte Address: 000000000000000000000000000001XX (32 bits)    |
|                         Word Address: 000000000000000000000000000001   (30 bits)    |
|-------------------------------------------------------------------------------------|
|                              Block                              |   Word  |   Byte  |
|               Tag              |              Set               |  OffSet |  OffSet |
|-------------------------------------------------------------------------------------|
|    0000000000000000000000000000|                              01|      ---|      XX |
|-------------------------------------------------------------------------------------|
|                         28 bits|                          2 bits|   0 bits|   2 bits|
|-------------------------------------------------------------------------------------|

----------------------- Step: 003 to 006 || Trace: 1 3 -----------------------

Location: MAINMEMORY
Action = Loading data from Main Memory  
Block = 3 


Location: MAINMEMORY
Action = Stored data in Main Memory  
Block = 3 


Location: CACHE
 Action = store operation  -  Access Type = miss 
 Cache Type = Accessing Data Cache  -  Cache Level = 1 
|-------------------------------------------------------------------------------------|
|                         Byte Address: 000000000000000000000000000011XX (32 bits)    |
|                         Word Address: 000000000000000000000000000011   (30 bits)    |
|-------------------------------------------------------------------------------------|
|                              Block                              |   Word  |   Byte  |
|               Tag              |              Set               |  OffSet |  OffSet |
|-------------------------------------------------------------------------------------|
|    0000000000000000000000000000|                              11|      ---|      XX |
|-------------------------------------------------------------------------------------|
|                         28 bits|                          2 bits|   0 bits|   2 bits|
|-------------------------------------------------------------------------------------|

----------------------- Step: 004 to 006 || Trace: 0 3 -----------------------

Location: CACHE
 Action = load operation  -  Access Type = hit 
 Cache Type = Accessing Data Cache  -  Cache Level = 1 
|-------------------------------------------------------------------------------------|
|                         Byte Address: 000000000000000000000000000011XX (32 bits)    |
|                         Word Address: 000000000000000000000000000011   (30 bits)    |
|-------------------------------------------------------------------------------------|
|                              Block                              |   Word  |   Byte  |
|               Tag              |              Set               |  OffSet |  OffSet |
|-------------------------------------------------------------------------------------|
|    0000000000000000000000000000|                              11|      ---|      XX |
|-------------------------------------------------------------------------------------|
|                         28 bits|                          2 bits|   0 bits|   2 bits|
|-------------------------------------------------------------------------------------|

----------------------- Step: 005 to 006 || Trace: 2 4 -----------------------

Location: CACHE
 Action = load operation  -  Access Type = miss 
 Cache Type = Accessing Instruction cache  -  Cache Level = 1 
|-------------------------------------------------------------------------------------|
|                         Byte Address: 000000000000000000000000000100XX (32 bits)    |
|                         Word Address: 000000000000000000000000000100   (30 bits)    |
|-------------------------------------------------------------------------------------|
|                              Block                              |   Word  |   Byte  |
|               Tag              |              Set               |  OffSet |  OffSet |
|-------------------------------------------------------------------------------------|
|    0000000000000000000000000001|                              00|      ---|      XX |
|-------------------------------------------------------------------------------------|
|                         28 bits|                          2 bits|   0 bits|   2 bits|
|-------------------------------------------------------------------------------------|

Location: MAINMEMORY
Action = Loading data from Main Memory  
Block = 4 


Location: CACHE
 Action = store operation  -  Access Type = miss 
 Cache Type = Accessing Instruction TLB  -  Cache Level = 1 
|-------------------------------------------------------------------------------------|
|                         Byte Address: 000000000000000000000000000100XX (32 bits)    |
|                         Word Address: 000000000000000000000000000100   (30 bits)    |
|-------------------------------------------------------------------------------------|
|                              Block                              |   Word  |   Byte  |
|               Tag              |              Set               |  OffSet |  OffSet |
|-------------------------------------------------------------------------------------|
|    0000000000000000000000000001|                              00|      ---|      XX |
|-------------------------------------------------------------------------------------|
|                         28 bits|                          2 bits|   0 bits|   2 bits|
|-------------------------------------------------------------------------------------|

----------------------- Step: 006 to 006 || Trace: 2 5 -----------------------

Location: CACHE
 Action = load operation  -  Access Type = miss 
 Cache Type = Accessing Instruction cache  -  Cache Level = 1 
|-------------------------------------------------------------------------------------|
|                         Byte Address: 000000000000000000000000000101XX (32 bits)    |
|                         Word Address: 000000000000000000000000000101   (30 bits)    |
|-------------------------------------------------------------------------------------|
|                              Block                              |   Word  |   Byte  |
|               Tag              |              Set               |  OffSet |  OffSet |
|-------------------------------------------------------------------------------------|
|    0000000000000000000000000001|                              01|      ---|      XX |
|-------------------------------------------------------------------------------------|
|                         28 bits|                          2 bits|   0 bits|   2 bits|
|-------------------------------------------------------------------------------------|

Location: MAINMEMORY
Action = Loading data from Main Memory  
Block = 5 


Location: CACHE
 Action = store operation  -  Access Type = miss 
 Cache Type = Accessing Instruction TLB  -  Cache Level = 1 
|-------------------------------------------------------------------------------------|
|                         Byte Address: 000000000000000000000000000101XX (32 bits)    |
|                         Word Address: 000000000000000000000000000101   (30 bits)    |
|-------------------------------------------------------------------------------------|
|                              Block                              |   Word  |   Byte  |
|               Tag              |              Set               |  OffSet |  OffSet |
|-------------------------------------------------------------------------------------|
|    0000000000000000000000000001|                              01|      ---|      XX |
|-------------------------------------------------------------------------------------|
|                         28 bits|                          2 bits|   0 bits|   2 bits|
|-------------------------------------------------------------------------------------|

------------------------------
---       Statistics       ---
------------------------------

Data Cache - Level 1
  Read Access: 1
  Read Cycles: 1
  Read Time: 1
  Write Access: 1
  Write Cycles: 2
  Write Time: 2
  Total Access: 2
  Total Hit: 1
  Total Miss: 1
  Hit/rate: 0.5
  Total Time: 3

Instruction Cache - Level 1
  Read Access: 4
  Read Cycles: 4
  Read Time: 4
  Write Access: 0
  Write Cycles: 0
  Write Time: 0
  Total Access: 4
  Total Hit: 0
  Total Miss: 4
  Hit/rate: 0.0
  Total Time: 4

Main Memory
  Read Access: 5
  Read Cycles: 5
  Read Time: 50
  Write Access: 1
  Write Cycles: 2
  Write Time: 20
  Total Access: 6
  Total Time: 70

 Total Time: 77