------------------------------------
--- File created by Amnesia tool ---
------------------------------------


----------------------------------
--- Architecture Configuration ---
----------------------------------

--- Main Memory ---

Memory size: 8 word(s) 
Block size: 1 word(s)/block 
Cycles per access read: 1 unity 
Cycles per access write: 2 unity 
Time cycle: 10 time unity 

--- Cache Memory ---

Cache type: UNIFIED / Level: 1 
Memory size: 4 word(s) 
Block size: 1 word(s)/block 
Cycles per access read: 1 unity 
Cycles per access write: 2 unity 
Time cicle: 1 time unity 
Associativity level: 1 block(s)/set 
Write policy: WriteThrough 
Replacement algorithm: FIFO 


-------------------------
---       Trace       ---
-------------------------

2 0
2 1
2 2
2 3
2 0
2 1
2 0
2 1
2 2
2 1
2 3
2 2
2 1
2 0
2 2
2 3
2 2
2 1
2 3
2 0
2 0
2 3
2 1
2 2
2 3
2 2
2 0
2 1
2 2
2 3
2 1
2 2
2 1
2 0
2 1
2 0
2 1
2 3
2 0
2 0
2 3
2 1
2 2
2 3
2 2
2 0
2 1
2 2
2 1
2 0

------------------------------
---      Execution Log     ---
------------------------------

Location: MAINMEMORY
Action = Stored data in Main Memory  
Block = 0 


Location: MAINMEMORY
Action = Stored data in Main Memory  
Block = 1 


Location: MAINMEMORY
Action = Stored data in Main Memory  
Block = 2 


Location: MAINMEMORY
Action = Stored data in Main Memory  
Block = 3 


----------------------- Step: 001 to 050 || Trace: 2 0 -----------------------

Location: CACHE
 Action = load operation  -  Access Type = miss 
 Cache Type = Accessing Unified Cache  -  Cache Level = 1 
|-------------------------------------------------------------------------------------|
|                         Byte Address: 000000000000000000000000000000XX (32 bits)    |
|                         Word Address: 000000000000000000000000000000   (30 bits)    |
|-------------------------------------------------------------------------------------|
|                              Block                              |   Word  |   Byte  |
|               Tag              |              Set               |  OffSet |  OffSet |
|-------------------------------------------------------------------------------------|
|    0000000000000000000000000000|                              00|      ---|      XX |
|-------------------------------------------------------------------------------------|
|                         28 bits|                          2 bits|   0 bits|   2 bits|
|-------------------------------------------------------------------------------------|

Location: MAINMEMORY
Action = Loading data from Main Memory  
Block = 0 


Location: CACHE
 Action = store operation  -  Access Type = miss 
 Cache Type = Accessing Unified Cache  -  Cache Level = 1 
|-------------------------------------------------------------------------------------|
|                         Byte Address: 000000000000000000000000000000XX (32 bits)    |
|                         Word Address: 000000000000000000000000000000   (30 bits)    |
|-------------------------------------------------------------------------------------|
|                              Block                              |   Word  |   Byte  |
|               Tag              |              Set               |  OffSet |  OffSet |
|-------------------------------------------------------------------------------------|
|    0000000000000000000000000000|                              00|      ---|      XX |
|-------------------------------------------------------------------------------------|
|                         28 bits|                          2 bits|   0 bits|   2 bits|
|-------------------------------------------------------------------------------------|

----------------------- Step: 002 to 050 || Trace: 2 1 -----------------------

Location: CACHE
 Action = load operation  -  Access Type = miss 
 Cache Type = Accessing Unified Cache  -  Cache Level = 1 
|-------------------------------------------------------------------------------------|
|                         Byte Address: 000000000000000000000000000001XX (32 bits)    |
|                         Word Address: 000000000000000000000000000001   (30 bits)    |
|-------------------------------------------------------------------------------------|
|                              Block                              |   Word  |   Byte  |
|               Tag              |              Set               |  OffSet |  OffSet |
|-------------------------------------------------------------------------------------|
|    0000000000000000000000000000|                              01|      ---|      XX |
|-------------------------------------------------------------------------------------|
|                         28 bits|                          2 bits|   0 bits|   2 bits|
|-------------------------------------------------------------------------------------|

Location: MAINMEMORY
Action = Loading data from Main Memory  
Block = 1 


Location: CACHE
 Action = store operation  -  Access Type = miss 
 Cache Type = Accessing Unified Cache  -  Cache Level = 1 
|-------------------------------------------------------------------------------------|
|                         Byte Address: 000000000000000000000000000001XX (32 bits)    |
|                         Word Address: 000000000000000000000000000001   (30 bits)    |
|-------------------------------------------------------------------------------------|
|                              Block                              |   Word  |   Byte  |
|               Tag              |              Set               |  OffSet |  OffSet |
|-------------------------------------------------------------------------------------|
|    0000000000000000000000000000|                              01|      ---|      XX |
|-------------------------------------------------------------------------------------|
|                         28 bits|                          2 bits|   0 bits|   2 bits|
|-------------------------------------------------------------------------------------|

----------------------- Step: 003 to 050 || Trace: 2 2 -----------------------

Location: CACHE
 Action = load operation  -  Access Type = miss 
 Cache Type = Accessing Unified Cache  -  Cache Level = 1 
|-------------------------------------------------------------------------------------|
|                         Byte Address: 000000000000000000000000000010XX (32 bits)    |
|                         Word Address: 000000000000000000000000000010   (30 bits)    |
|-------------------------------------------------------------------------------------|
|                              Block                              |   Word  |   Byte  |
|               Tag              |              Set               |  OffSet |  OffSet |
|-------------------------------------------------------------------------------------|
|    0000000000000000000000000000|                              10|      ---|      XX |
|-------------------------------------------------------------------------------------|
|                         28 bits|                          2 bits|   0 bits|   2 bits|
|-------------------------------------------------------------------------------------|

Location: MAINMEMORY
Action = Loading data from Main Memory  
Block = 2 


Location: CACHE
 Action = store operation  -  Access Type = miss 
 Cache Type = Accessing Unified Cache  -  Cache Level = 1 
|-------------------------------------------------------------------------------------|
|                         Byte Address: 000000000000000000000000000010XX (32 bits)    |
|                         Word Address: 000000000000000000000000000010   (30 bits)    |
|-------------------------------------------------------------------------------------|
|                              Block                              |   Word  |   Byte  |
|               Tag              |              Set               |  OffSet |  OffSet |
|-------------------------------------------------------------------------------------|
|    0000000000000000000000000000|                              10|      ---|      XX |
|-------------------------------------------------------------------------------------|
|                         28 bits|                          2 bits|   0 bits|   2 bits|
|-------------------------------------------------------------------------------------|

----------------------- Step: 004 to 050 || Trace: 2 3 -----------------------

Location: CACHE
 Action = load operation  -  Access Type = miss 
 Cache Type = Accessing Unified Cache  -  Cache Level = 1 
|-------------------------------------------------------------------------------------|
|                         Byte Address: 000000000000000000000000000011XX (32 bits)    |
|                         Word Address: 000000000000000000000000000011   (30 bits)    |
|-------------------------------------------------------------------------------------|
|                              Block                              |   Word  |   Byte  |
|               Tag              |              Set               |  OffSet |  OffSet |
|-------------------------------------------------------------------------------------|
|    0000000000000000000000000000|                              11|      ---|      XX |
|-------------------------------------------------------------------------------------|
|                         28 bits|                          2 bits|   0 bits|   2 bits|
|-------------------------------------------------------------------------------------|

Location: MAINMEMORY
Action = Loading data from Main Memory  
Block = 3 


Location: CACHE
 Action = store operation  -  Access Type = miss 
 Cache Type = Accessing Unified Cache  -  Cache Level = 1 
|-------------------------------------------------------------------------------------|
|                         Byte Address: 000000000000000000000000000011XX (32 bits)    |
|                         Word Address: 000000000000000000000000000011   (30 bits)    |
|-------------------------------------------------------------------------------------|
|                              Block                              |   Word  |   Byte  |
|               Tag              |              Set               |  OffSet |  OffSet |
|-------------------------------------------------------------------------------------|
|    0000000000000000000000000000|                              11|      ---|      XX |
|-------------------------------------------------------------------------------------|
|                         28 bits|                          2 bits|   0 bits|   2 bits|
|-------------------------------------------------------------------------------------|

----------------------- Step: 005 to 050 || Trace: 2 0 -----------------------

Location: CACHE
 Action = load operation  -  Access Type = hit 
 Cache Type = Accessing Unified Cache  -  Cache Level = 1 
|-------------------------------------------------------------------------------------|
|                         Byte Address: 000000000000000000000000000000XX (32 bits)    |
|                         Word Address: 000000000000000000000000000000   (30 bits)    |
|-------------------------------------------------------------------------------------|
|                              Block                              |   Word  |   Byte  |
|               Tag              |              Set               |  OffSet |  OffSet |
|-------------------------------------------------------------------------------------|
|    0000000000000000000000000000|                              00|      ---|      XX |
|-------------------------------------------------------------------------------------|
|                         28 bits|                          2 bits|   0 bits|   2 bits|
|-------------------------------------------------------------------------------------|

----------------------- Step: 006 to 050 || Trace: 2 1 -----------------------

Location: CACHE
 Action = load operation  -  Access Type = hit 
 Cache Type = Accessing Unified Cache  -  Cache Level = 1 
|-------------------------------------------------------------------------------------|
|                         Byte Address: 000000000000000000000000000001XX (32 bits)    |
|                         Word Address: 000000000000000000000000000001   (30 bits)    |
|-------------------------------------------------------------------------------------|
|                              Block                              |   Word  |   Byte  |
|               Tag              |              Set               |  OffSet |  OffSet |
|-------------------------------------------------------------------------------------|
|    0000000000000000000000000000|                              01|      ---|      XX |
|-------------------------------------------------------------------------------------|
|                         28 bits|                          2 bits|   0 bits|   2 bits|
|-------------------------------------------------------------------------------------|

----------------------- Step: 007 to 050 || Trace: 2 0 -----------------------

Location: CACHE
 Action = load operation  -  Access Type = hit 
 Cache Type = Accessing Unified Cache  -  Cache Level = 1 
|-------------------------------------------------------------------------------------|
|                         Byte Address: 000000000000000000000000000000XX (32 bits)    |
|                         Word Address: 000000000000000000000000000000   (30 bits)    |
|-------------------------------------------------------------------------------------|
|                              Block                              |   Word  |   Byte  |
|               Tag              |              Set               |  OffSet |  OffSet |
|-------------------------------------------------------------------------------------|
|    0000000000000000000000000000|                              00|      ---|      XX |
|-------------------------------------------------------------------------------------|
|                         28 bits|                          2 bits|   0 bits|   2 bits|
|-------------------------------------------------------------------------------------|

----------------------- Step: 008 to 050 || Trace: 2 1 -----------------------

Location: CACHE
 Action = load operation  -  Access Type = hit 
 Cache Type = Accessing Unified Cache  -  Cache Level = 1 
|-------------------------------------------------------------------------------------|
|                         Byte Address: 000000000000000000000000000001XX (32 bits)    |
|                         Word Address: 000000000000000000000000000001   (30 bits)    |
|-------------------------------------------------------------------------------------|
|                              Block                              |   Word  |   Byte  |
|               Tag              |              Set               |  OffSet |  OffSet |
|-------------------------------------------------------------------------------------|
|    0000000000000000000000000000|                              01|      ---|      XX |
|-------------------------------------------------------------------------------------|
|                         28 bits|                          2 bits|   0 bits|   2 bits|
|-------------------------------------------------------------------------------------|

----------------------- Step: 009 to 050 || Trace: 2 2 -----------------------

Location: CACHE
 Action = load operation  -  Access Type = hit 
 Cache Type = Accessing Unified Cache  -  Cache Level = 1 
|-------------------------------------------------------------------------------------|
|                         Byte Address: 000000000000000000000000000010XX (32 bits)    |
|                         Word Address: 000000000000000000000000000010   (30 bits)    |
|-------------------------------------------------------------------------------------|
|                              Block                              |   Word  |   Byte  |
|               Tag              |              Set               |  OffSet |  OffSet |
|-------------------------------------------------------------------------------------|
|    0000000000000000000000000000|                              10|      ---|      XX |
|-------------------------------------------------------------------------------------|
|                         28 bits|                          2 bits|   0 bits|   2 bits|
|-------------------------------------------------------------------------------------|

----------------------- Step: 010 to 050 || Trace: 2 1 -----------------------

Location: CACHE
 Action = load operation  -  Access Type = hit 
 Cache Type = Accessing Unified Cache  -  Cache Level = 1 
|-------------------------------------------------------------------------------------|
|                         Byte Address: 000000000000000000000000000001XX (32 bits)    |
|                         Word Address: 000000000000000000000000000001   (30 bits)    |
|-------------------------------------------------------------------------------------|
|                              Block                              |   Word  |   Byte  |
|               Tag              |              Set               |  OffSet |  OffSet |
|-------------------------------------------------------------------------------------|
|    0000000000000000000000000000|                              01|      ---|      XX |
|-------------------------------------------------------------------------------------|
|                         28 bits|                          2 bits|   0 bits|   2 bits|
|-------------------------------------------------------------------------------------|

----------------------- Step: 011 to 050 || Trace: 2 3 -----------------------

Location: CACHE
 Action = load operation  -  Access Type = hit 
 Cache Type = Accessing Unified Cache  -  Cache Level = 1 
|-------------------------------------------------------------------------------------|
|                         Byte Address: 000000000000000000000000000011XX (32 bits)    |
|                         Word Address: 000000000000000000000000000011   (30 bits)    |
|-------------------------------------------------------------------------------------|
|                              Block                              |   Word  |   Byte  |
|               Tag              |              Set               |  OffSet |  OffSet |
|-------------------------------------------------------------------------------------|
|    0000000000000000000000000000|                              11|      ---|      XX |
|-------------------------------------------------------------------------------------|
|                         28 bits|                          2 bits|   0 bits|   2 bits|
|-------------------------------------------------------------------------------------|

----------------------- Step: 012 to 050 || Trace: 2 2 -----------------------

Location: CACHE
 Action = load operation  -  Access Type = hit 
 Cache Type = Accessing Unified Cache  -  Cache Level = 1 
|-------------------------------------------------------------------------------------|
|                         Byte Address: 000000000000000000000000000010XX (32 bits)    |
|                         Word Address: 000000000000000000000000000010   (30 bits)    |
|-------------------------------------------------------------------------------------|
|                              Block                              |   Word  |   Byte  |
|               Tag              |              Set               |  OffSet |  OffSet |
|-------------------------------------------------------------------------------------|
|    0000000000000000000000000000|                              10|      ---|      XX |
|-------------------------------------------------------------------------------------|
|                         28 bits|                          2 bits|   0 bits|   2 bits|
|-------------------------------------------------------------------------------------|

----------------------- Step: 013 to 050 || Trace: 2 1 -----------------------

Location: CACHE
 Action = load operation  -  Access Type = hit 
 Cache Type = Accessing Unified Cache  -  Cache Level = 1 
|-------------------------------------------------------------------------------------|
|                         Byte Address: 000000000000000000000000000001XX (32 bits)    |
|                         Word Address: 000000000000000000000000000001   (30 bits)    |
|-------------------------------------------------------------------------------------|
|                              Block                              |   Word  |   Byte  |
|               Tag              |              Set               |  OffSet |  OffSet |
|-------------------------------------------------------------------------------------|
|    0000000000000000000000000000|                              01|      ---|      XX |
|-------------------------------------------------------------------------------------|
|                         28 bits|                          2 bits|   0 bits|   2 bits|
|-------------------------------------------------------------------------------------|

----------------------- Step: 014 to 050 || Trace: 2 0 -----------------------

Location: CACHE
 Action = load operation  -  Access Type = hit 
 Cache Type = Accessing Unified Cache  -  Cache Level = 1 
|-------------------------------------------------------------------------------------|
|                         Byte Address: 000000000000000000000000000000XX (32 bits)    |
|                         Word Address: 000000000000000000000000000000   (30 bits)    |
|-------------------------------------------------------------------------------------|
|                              Block                              |   Word  |   Byte  |
|               Tag              |              Set               |  OffSet |  OffSet |
|-------------------------------------------------------------------------------------|
|    0000000000000000000000000000|                              00|      ---|      XX |
|-------------------------------------------------------------------------------------|
|                         28 bits|                          2 bits|   0 bits|   2 bits|
|-------------------------------------------------------------------------------------|

----------------------- Step: 015 to 050 || Trace: 2 2 -----------------------

Location: CACHE
 Action = load operation  -  Access Type = hit 
 Cache Type = Accessing Unified Cache  -  Cache Level = 1 
|-------------------------------------------------------------------------------------|
|                         Byte Address: 000000000000000000000000000010XX (32 bits)    |
|                         Word Address: 000000000000000000000000000010   (30 bits)    |
|-------------------------------------------------------------------------------------|
|                              Block                              |   Word  |   Byte  |
|               Tag              |              Set               |  OffSet |  OffSet |
|-------------------------------------------------------------------------------------|
|    0000000000000000000000000000|                              10|      ---|      XX |
|-------------------------------------------------------------------------------------|
|                         28 bits|                          2 bits|   0 bits|   2 bits|
|-------------------------------------------------------------------------------------|

----------------------- Step: 016 to 050 || Trace: 2 3 -----------------------

Location: CACHE
 Action = load operation  -  Access Type = hit 
 Cache Type = Accessing Unified Cache  -  Cache Level = 1 
|-------------------------------------------------------------------------------------|
|                         Byte Address: 000000000000000000000000000011XX (32 bits)    |
|                         Word Address: 000000000000000000000000000011   (30 bits)    |
|-------------------------------------------------------------------------------------|
|                              Block                              |   Word  |   Byte  |
|               Tag              |              Set               |  OffSet |  OffSet |
|-------------------------------------------------------------------------------------|
|    0000000000000000000000000000|                              11|      ---|      XX |
|-------------------------------------------------------------------------------------|
|                         28 bits|                          2 bits|   0 bits|   2 bits|
|-------------------------------------------------------------------------------------|

----------------------- Step: 017 to 050 || Trace: 2 2 -----------------------

Location: CACHE
 Action = load operation  -  Access Type = hit 
 Cache Type = Accessing Unified Cache  -  Cache Level = 1 
|-------------------------------------------------------------------------------------|
|                         Byte Address: 000000000000000000000000000010XX (32 bits)    |
|                         Word Address: 000000000000000000000000000010   (30 bits)    |
|-------------------------------------------------------------------------------------|
|                              Block                              |   Word  |   Byte  |
|               Tag              |              Set               |  OffSet |  OffSet |
|-------------------------------------------------------------------------------------|
|    0000000000000000000000000000|                              10|      ---|      XX |
|-------------------------------------------------------------------------------------|
|                         28 bits|                          2 bits|   0 bits|   2 bits|
|-------------------------------------------------------------------------------------|

----------------------- Step: 018 to 050 || Trace: 2 1 -----------------------

Location: CACHE
 Action = load operation  -  Access Type = hit 
 Cache Type = Accessing Unified Cache  -  Cache Level = 1 
|-------------------------------------------------------------------------------------|
|                         Byte Address: 000000000000000000000000000001XX (32 bits)    |
|                         Word Address: 000000000000000000000000000001   (30 bits)    |
|-------------------------------------------------------------------------------------|
|                              Block                              |   Word  |   Byte  |
|               Tag              |              Set               |  OffSet |  OffSet |
|-------------------------------------------------------------------------------------|
|    0000000000000000000000000000|                              01|      ---|      XX |
|-------------------------------------------------------------------------------------|
|                         28 bits|                          2 bits|   0 bits|   2 bits|
|-------------------------------------------------------------------------------------|

----------------------- Step: 019 to 050 || Trace: 2 3 -----------------------

Location: CACHE
 Action = load operation  -  Access Type = hit 
 Cache Type = Accessing Unified Cache  -  Cache Level = 1 
|-------------------------------------------------------------------------------------|
|                         Byte Address: 000000000000000000000000000011XX (32 bits)    |
|                         Word Address: 000000000000000000000000000011   (30 bits)    |
|-------------------------------------------------------------------------------------|
|                              Block                              |   Word  |   Byte  |
|               Tag              |              Set               |  OffSet |  OffSet |
|-------------------------------------------------------------------------------------|
|    0000000000000000000000000000|                              11|      ---|      XX |
|-------------------------------------------------------------------------------------|
|                         28 bits|                          2 bits|   0 bits|   2 bits|
|-------------------------------------------------------------------------------------|

----------------------- Step: 020 to 050 || Trace: 2 0 -----------------------

Location: CACHE
 Action = load operation  -  Access Type = hit 
 Cache Type = Accessing Unified Cache  -  Cache Level = 1 
|-------------------------------------------------------------------------------------|
|                         Byte Address: 000000000000000000000000000000XX (32 bits)    |
|                         Word Address: 000000000000000000000000000000   (30 bits)    |
|-------------------------------------------------------------------------------------|
|                              Block                              |   Word  |   Byte  |
|               Tag              |              Set               |  OffSet |  OffSet |
|-------------------------------------------------------------------------------------|
|    0000000000000000000000000000|                              00|      ---|      XX |
|-------------------------------------------------------------------------------------|
|                         28 bits|                          2 bits|   0 bits|   2 bits|
|-------------------------------------------------------------------------------------|

----------------------- Step: 021 to 050 || Trace: 2 0 -----------------------

Location: CACHE
 Action = load operation  -  Access Type = hit 
 Cache Type = Accessing Unified Cache  -  Cache Level = 1 
|-------------------------------------------------------------------------------------|
|                         Byte Address: 000000000000000000000000000000XX (32 bits)    |
|                         Word Address: 000000000000000000000000000000   (30 bits)    |
|-------------------------------------------------------------------------------------|
|                              Block                              |   Word  |   Byte  |
|               Tag              |              Set               |  OffSet |  OffSet |
|-------------------------------------------------------------------------------------|
|    0000000000000000000000000000|                              00|      ---|      XX |
|-------------------------------------------------------------------------------------|
|                         28 bits|                          2 bits|   0 bits|   2 bits|
|-------------------------------------------------------------------------------------|

----------------------- Step: 022 to 050 || Trace: 2 3 -----------------------

Location: CACHE
 Action = load operation  -  Access Type = hit 
 Cache Type = Accessing Unified Cache  -  Cache Level = 1 
|-------------------------------------------------------------------------------------|
|                         Byte Address: 000000000000000000000000000011XX (32 bits)    |
|                         Word Address: 000000000000000000000000000011   (30 bits)    |
|-------------------------------------------------------------------------------------|
|                              Block                              |   Word  |   Byte  |
|               Tag              |              Set               |  OffSet |  OffSet |
|-------------------------------------------------------------------------------------|
|    0000000000000000000000000000|                              11|      ---|      XX |
|-------------------------------------------------------------------------------------|
|                         28 bits|                          2 bits|   0 bits|   2 bits|
|-------------------------------------------------------------------------------------|

----------------------- Step: 023 to 050 || Trace: 2 1 -----------------------

Location: CACHE
 Action = load operation  -  Access Type = hit 
 Cache Type = Accessing Unified Cache  -  Cache Level = 1 
|-------------------------------------------------------------------------------------|
|                         Byte Address: 000000000000000000000000000001XX (32 bits)    |
|                         Word Address: 000000000000000000000000000001   (30 bits)    |
|-------------------------------------------------------------------------------------|
|                              Block                              |   Word  |   Byte  |
|               Tag              |              Set               |  OffSet |  OffSet |
|-------------------------------------------------------------------------------------|
|    0000000000000000000000000000|                              01|      ---|      XX |
|-------------------------------------------------------------------------------------|
|                         28 bits|                          2 bits|   0 bits|   2 bits|
|-------------------------------------------------------------------------------------|

----------------------- Step: 024 to 050 || Trace: 2 2 -----------------------

Location: CACHE
 Action = load operation  -  Access Type = hit 
 Cache Type = Accessing Unified Cache  -  Cache Level = 1 
|-------------------------------------------------------------------------------------|
|                         Byte Address: 000000000000000000000000000010XX (32 bits)    |
|                         Word Address: 000000000000000000000000000010   (30 bits)    |
|-------------------------------------------------------------------------------------|
|                              Block                              |   Word  |   Byte  |
|               Tag              |              Set               |  OffSet |  OffSet |
|-------------------------------------------------------------------------------------|
|    0000000000000000000000000000|                              10|      ---|      XX |
|-------------------------------------------------------------------------------------|
|                         28 bits|                          2 bits|   0 bits|   2 bits|
|-------------------------------------------------------------------------------------|

----------------------- Step: 025 to 050 || Trace: 2 3 -----------------------

Location: CACHE
 Action = load operation  -  Access Type = hit 
 Cache Type = Accessing Unified Cache  -  Cache Level = 1 
|-------------------------------------------------------------------------------------|
|                         Byte Address: 000000000000000000000000000011XX (32 bits)    |
|                         Word Address: 000000000000000000000000000011   (30 bits)    |
|-------------------------------------------------------------------------------------|
|                              Block                              |   Word  |   Byte  |
|               Tag              |              Set               |  OffSet |  OffSet |
|-------------------------------------------------------------------------------------|
|    0000000000000000000000000000|                              11|      ---|      XX |
|-------------------------------------------------------------------------------------|
|                         28 bits|                          2 bits|   0 bits|   2 bits|
|-------------------------------------------------------------------------------------|

----------------------- Step: 026 to 050 || Trace: 2 2 -----------------------

Location: CACHE
 Action = load operation  -  Access Type = hit 
 Cache Type = Accessing Unified Cache  -  Cache Level = 1 
|-------------------------------------------------------------------------------------|
|                         Byte Address: 000000000000000000000000000010XX (32 bits)    |
|                         Word Address: 000000000000000000000000000010   (30 bits)    |
|-------------------------------------------------------------------------------------|
|                              Block                              |   Word  |   Byte  |
|               Tag              |              Set               |  OffSet |  OffSet |
|-------------------------------------------------------------------------------------|
|    0000000000000000000000000000|                              10|      ---|      XX |
|-------------------------------------------------------------------------------------|
|                         28 bits|                          2 bits|   0 bits|   2 bits|
|-------------------------------------------------------------------------------------|

----------------------- Step: 027 to 050 || Trace: 2 0 -----------------------

Location: CACHE
 Action = load operation  -  Access Type = hit 
 Cache Type = Accessing Unified Cache  -  Cache Level = 1 
|-------------------------------------------------------------------------------------|
|                         Byte Address: 000000000000000000000000000000XX (32 bits)    |
|                         Word Address: 000000000000000000000000000000   (30 bits)    |
|-------------------------------------------------------------------------------------|
|                              Block                              |   Word  |   Byte  |
|               Tag              |              Set               |  OffSet |  OffSet |
|-------------------------------------------------------------------------------------|
|    0000000000000000000000000000|                              00|      ---|      XX |
|-------------------------------------------------------------------------------------|
|                         28 bits|                          2 bits|   0 bits|   2 bits|
|-------------------------------------------------------------------------------------|

----------------------- Step: 028 to 050 || Trace: 2 1 -----------------------

Location: CACHE
 Action = load operation  -  Access Type = hit 
 Cache Type = Accessing Unified Cache  -  Cache Level = 1 
|-------------------------------------------------------------------------------------|
|                         Byte Address: 000000000000000000000000000001XX (32 bits)    |
|                         Word Address: 000000000000000000000000000001   (30 bits)    |
|-------------------------------------------------------------------------------------|
|                              Block                              |   Word  |   Byte  |
|               Tag              |              Set               |  OffSet |  OffSet |
|-------------------------------------------------------------------------------------|
|    0000000000000000000000000000|                              01|      ---|      XX |
|-------------------------------------------------------------------------------------|
|                         28 bits|                          2 bits|   0 bits|   2 bits|
|-------------------------------------------------------------------------------------|

----------------------- Step: 029 to 050 || Trace: 2 2 -----------------------

Location: CACHE
 Action = load operation  -  Access Type = hit 
 Cache Type = Accessing Unified Cache  -  Cache Level = 1 
|-------------------------------------------------------------------------------------|
|                         Byte Address: 000000000000000000000000000010XX (32 bits)    |
|                         Word Address: 000000000000000000000000000010   (30 bits)    |
|-------------------------------------------------------------------------------------|
|                              Block                              |   Word  |   Byte  |
|               Tag              |              Set               |  OffSet |  OffSet |
|-------------------------------------------------------------------------------------|
|    0000000000000000000000000000|                              10|      ---|      XX |
|-------------------------------------------------------------------------------------|
|                         28 bits|                          2 bits|   0 bits|   2 bits|
|-------------------------------------------------------------------------------------|

----------------------- Step: 030 to 050 || Trace: 2 3 -----------------------

Location: CACHE
 Action = load operation  -  Access Type = hit 
 Cache Type = Accessing Unified Cache  -  Cache Level = 1 
|-------------------------------------------------------------------------------------|
|                         Byte Address: 000000000000000000000000000011XX (32 bits)    |
|                         Word Address: 000000000000000000000000000011   (30 bits)    |
|-------------------------------------------------------------------------------------|
|                              Block                              |   Word  |   Byte  |
|               Tag              |              Set               |  OffSet |  OffSet |
|-------------------------------------------------------------------------------------|
|    0000000000000000000000000000|                              11|      ---|      XX |
|-------------------------------------------------------------------------------------|
|                         28 bits|                          2 bits|   0 bits|   2 bits|
|-------------------------------------------------------------------------------------|

----------------------- Step: 031 to 050 || Trace: 2 1 -----------------------

Location: CACHE
 Action = load operation  -  Access Type = hit 
 Cache Type = Accessing Unified Cache  -  Cache Level = 1 
|-------------------------------------------------------------------------------------|
|                         Byte Address: 000000000000000000000000000001XX (32 bits)    |
|                         Word Address: 000000000000000000000000000001   (30 bits)    |
|-------------------------------------------------------------------------------------|
|                              Block                              |   Word  |   Byte  |
|               Tag              |              Set               |  OffSet |  OffSet |
|-------------------------------------------------------------------------------------|
|    0000000000000000000000000000|                              01|      ---|      XX |
|-------------------------------------------------------------------------------------|
|                         28 bits|                          2 bits|   0 bits|   2 bits|
|-------------------------------------------------------------------------------------|

----------------------- Step: 032 to 050 || Trace: 2 2 -----------------------

Location: CACHE
 Action = load operation  -  Access Type = hit 
 Cache Type = Accessing Unified Cache  -  Cache Level = 1 
|-------------------------------------------------------------------------------------|
|                         Byte Address: 000000000000000000000000000010XX (32 bits)    |
|                         Word Address: 000000000000000000000000000010   (30 bits)    |
|-------------------------------------------------------------------------------------|
|                              Block                              |   Word  |   Byte  |
|               Tag              |              Set               |  OffSet |  OffSet |
|-------------------------------------------------------------------------------------|
|    0000000000000000000000000000|                              10|      ---|      XX |
|-------------------------------------------------------------------------------------|
|                         28 bits|                          2 bits|   0 bits|   2 bits|
|-------------------------------------------------------------------------------------|

----------------------- Step: 033 to 050 || Trace: 2 1 -----------------------

Location: CACHE
 Action = load operation  -  Access Type = hit 
 Cache Type = Accessing Unified Cache  -  Cache Level = 1 
|-------------------------------------------------------------------------------------|
|                         Byte Address: 000000000000000000000000000001XX (32 bits)    |
|                         Word Address: 000000000000000000000000000001   (30 bits)    |
|-------------------------------------------------------------------------------------|
|                              Block                              |   Word  |   Byte  |
|               Tag              |              Set               |  OffSet |  OffSet |
|-------------------------------------------------------------------------------------|
|    0000000000000000000000000000|                              01|      ---|      XX |
|-------------------------------------------------------------------------------------|
|                         28 bits|                          2 bits|   0 bits|   2 bits|
|-------------------------------------------------------------------------------------|

----------------------- Step: 034 to 050 || Trace: 2 0 -----------------------

Location: CACHE
 Action = load operation  -  Access Type = hit 
 Cache Type = Accessing Unified Cache  -  Cache Level = 1 
|-------------------------------------------------------------------------------------|
|                         Byte Address: 000000000000000000000000000000XX (32 bits)    |
|                         Word Address: 000000000000000000000000000000   (30 bits)    |
|-------------------------------------------------------------------------------------|
|                              Block                              |   Word  |   Byte  |
|               Tag              |              Set               |  OffSet |  OffSet |
|-------------------------------------------------------------------------------------|
|    0000000000000000000000000000|                              00|      ---|      XX |
|-------------------------------------------------------------------------------------|
|                         28 bits|                          2 bits|   0 bits|   2 bits|
|-------------------------------------------------------------------------------------|

----------------------- Step: 035 to 050 || Trace: 2 1 -----------------------

Location: CACHE
 Action = load operation  -  Access Type = hit 
 Cache Type = Accessing Unified Cache  -  Cache Level = 1 
|-------------------------------------------------------------------------------------|
|                         Byte Address: 000000000000000000000000000001XX (32 bits)    |
|                         Word Address: 000000000000000000000000000001   (30 bits)    |
|-------------------------------------------------------------------------------------|
|                              Block                              |   Word  |   Byte  |
|               Tag              |              Set               |  OffSet |  OffSet |
|-------------------------------------------------------------------------------------|
|    0000000000000000000000000000|                              01|      ---|      XX |
|-------------------------------------------------------------------------------------|
|                         28 bits|                          2 bits|   0 bits|   2 bits|
|-------------------------------------------------------------------------------------|

----------------------- Step: 036 to 050 || Trace: 2 0 -----------------------

Location: CACHE
 Action = load operation  -  Access Type = hit 
 Cache Type = Accessing Unified Cache  -  Cache Level = 1 
|-------------------------------------------------------------------------------------|
|                         Byte Address: 000000000000000000000000000000XX (32 bits)    |
|                         Word Address: 000000000000000000000000000000   (30 bits)    |
|-------------------------------------------------------------------------------------|
|                              Block                              |   Word  |   Byte  |
|               Tag              |              Set               |  OffSet |  OffSet |
|-------------------------------------------------------------------------------------|
|    0000000000000000000000000000|                              00|      ---|      XX |
|-------------------------------------------------------------------------------------|
|                         28 bits|                          2 bits|   0 bits|   2 bits|
|-------------------------------------------------------------------------------------|

----------------------- Step: 037 to 050 || Trace: 2 1 -----------------------

Location: CACHE
 Action = load operation  -  Access Type = hit 
 Cache Type = Accessing Unified Cache  -  Cache Level = 1 
|-------------------------------------------------------------------------------------|
|                         Byte Address: 000000000000000000000000000001XX (32 bits)    |
|                         Word Address: 000000000000000000000000000001   (30 bits)    |
|-------------------------------------------------------------------------------------|
|                              Block                              |   Word  |   Byte  |
|               Tag              |              Set               |  OffSet |  OffSet |
|-------------------------------------------------------------------------------------|
|    0000000000000000000000000000|                              01|      ---|      XX |
|-------------------------------------------------------------------------------------|
|                         28 bits|                          2 bits|   0 bits|   2 bits|
|-------------------------------------------------------------------------------------|

----------------------- Step: 038 to 050 || Trace: 2 3 -----------------------

Location: CACHE
 Action = load operation  -  Access Type = hit 
 Cache Type = Accessing Unified Cache  -  Cache Level = 1 
|-------------------------------------------------------------------------------------|
|                         Byte Address: 000000000000000000000000000011XX (32 bits)    |
|                         Word Address: 000000000000000000000000000011   (30 bits)    |
|-------------------------------------------------------------------------------------|
|                              Block                              |   Word  |   Byte  |
|               Tag              |              Set               |  OffSet |  OffSet |
|-------------------------------------------------------------------------------------|
|    0000000000000000000000000000|                              11|      ---|      XX |
|-------------------------------------------------------------------------------------|
|                         28 bits|                          2 bits|   0 bits|   2 bits|
|-------------------------------------------------------------------------------------|

----------------------- Step: 039 to 050 || Trace: 2 0 -----------------------

Location: CACHE
 Action = load operation  -  Access Type = hit 
 Cache Type = Accessing Unified Cache  -  Cache Level = 1 
|-------------------------------------------------------------------------------------|
|                         Byte Address: 000000000000000000000000000000XX (32 bits)    |
|                         Word Address: 000000000000000000000000000000   (30 bits)    |
|-------------------------------------------------------------------------------------|
|                              Block                              |   Word  |   Byte  |
|               Tag              |              Set               |  OffSet |  OffSet |
|-------------------------------------------------------------------------------------|
|    0000000000000000000000000000|                              00|      ---|      XX |
|-------------------------------------------------------------------------------------|
|                         28 bits|                          2 bits|   0 bits|   2 bits|
|-------------------------------------------------------------------------------------|

----------------------- Step: 040 to 050 || Trace: 2 0 -----------------------

Location: CACHE
 Action = load operation  -  Access Type = hit 
 Cache Type = Accessing Unified Cache  -  Cache Level = 1 
|-------------------------------------------------------------------------------------|
|                         Byte Address: 000000000000000000000000000000XX (32 bits)    |
|                         Word Address: 000000000000000000000000000000   (30 bits)    |
|-------------------------------------------------------------------------------------|
|                              Block                              |   Word  |   Byte  |
|               Tag              |              Set               |  OffSet |  OffSet |
|-------------------------------------------------------------------------------------|
|    0000000000000000000000000000|                              00|      ---|      XX |
|-------------------------------------------------------------------------------------|
|                         28 bits|                          2 bits|   0 bits|   2 bits|
|-------------------------------------------------------------------------------------|

----------------------- Step: 041 to 050 || Trace: 2 3 -----------------------

Location: CACHE
 Action = load operation  -  Access Type = hit 
 Cache Type = Accessing Unified Cache  -  Cache Level = 1 
|-------------------------------------------------------------------------------------|
|                         Byte Address: 000000000000000000000000000011XX (32 bits)    |
|                         Word Address: 000000000000000000000000000011   (30 bits)    |
|-------------------------------------------------------------------------------------|
|                              Block                              |   Word  |   Byte  |
|               Tag              |              Set               |  OffSet |  OffSet |
|-------------------------------------------------------------------------------------|
|    0000000000000000000000000000|                              11|      ---|      XX |
|-------------------------------------------------------------------------------------|
|                         28 bits|                          2 bits|   0 bits|   2 bits|
|-------------------------------------------------------------------------------------|

----------------------- Step: 042 to 050 || Trace: 2 1 -----------------------

Location: CACHE
 Action = load operation  -  Access Type = hit 
 Cache Type = Accessing Unified Cache  -  Cache Level = 1 
|-------------------------------------------------------------------------------------|
|                         Byte Address: 000000000000000000000000000001XX (32 bits)    |
|                         Word Address: 000000000000000000000000000001   (30 bits)    |
|-------------------------------------------------------------------------------------|
|                              Block                              |   Word  |   Byte  |
|               Tag              |              Set               |  OffSet |  OffSet |
|-------------------------------------------------------------------------------------|
|    0000000000000000000000000000|                              01|      ---|      XX |
|-------------------------------------------------------------------------------------|
|                         28 bits|                          2 bits|   0 bits|   2 bits|
|-------------------------------------------------------------------------------------|

----------------------- Step: 043 to 050 || Trace: 2 2 -----------------------

Location: CACHE
 Action = load operation  -  Access Type = hit 
 Cache Type = Accessing Unified Cache  -  Cache Level = 1 
|-------------------------------------------------------------------------------------|
|                         Byte Address: 000000000000000000000000000010XX (32 bits)    |
|                         Word Address: 000000000000000000000000000010   (30 bits)    |
|-------------------------------------------------------------------------------------|
|                              Block                              |   Word  |   Byte  |
|               Tag              |              Set               |  OffSet |  OffSet |
|-------------------------------------------------------------------------------------|
|    0000000000000000000000000000|                              10|      ---|      XX |
|-------------------------------------------------------------------------------------|
|                         28 bits|                          2 bits|   0 bits|   2 bits|
|-------------------------------------------------------------------------------------|

----------------------- Step: 044 to 050 || Trace: 2 3 -----------------------

Location: CACHE
 Action = load operation  -  Access Type = hit 
 Cache Type = Accessing Unified Cache  -  Cache Level = 1 
|-------------------------------------------------------------------------------------|
|                         Byte Address: 000000000000000000000000000011XX (32 bits)    |
|                         Word Address: 000000000000000000000000000011   (30 bits)    |
|-------------------------------------------------------------------------------------|
|                              Block                              |   Word  |   Byte  |
|               Tag              |              Set               |  OffSet |  OffSet |
|-------------------------------------------------------------------------------------|
|    0000000000000000000000000000|                              11|      ---|      XX |
|-------------------------------------------------------------------------------------|
|                         28 bits|                          2 bits|   0 bits|   2 bits|
|-------------------------------------------------------------------------------------|

----------------------- Step: 045 to 050 || Trace: 2 2 -----------------------

Location: CACHE
 Action = load operation  -  Access Type = hit 
 Cache Type = Accessing Unified Cache  -  Cache Level = 1 
|-------------------------------------------------------------------------------------|
|                         Byte Address: 000000000000000000000000000010XX (32 bits)    |
|                         Word Address: 000000000000000000000000000010   (30 bits)    |
|-------------------------------------------------------------------------------------|
|                              Block                              |   Word  |   Byte  |
|               Tag              |              Set               |  OffSet |  OffSet |
|-------------------------------------------------------------------------------------|
|    0000000000000000000000000000|                              10|      ---|      XX |
|-------------------------------------------------------------------------------------|
|                         28 bits|                          2 bits|   0 bits|   2 bits|
|-------------------------------------------------------------------------------------|

----------------------- Step: 046 to 050 || Trace: 2 0 -----------------------

Location: CACHE
 Action = load operation  -  Access Type = hit 
 Cache Type = Accessing Unified Cache  -  Cache Level = 1 
|-------------------------------------------------------------------------------------|
|                         Byte Address: 000000000000000000000000000000XX (32 bits)    |
|                         Word Address: 000000000000000000000000000000   (30 bits)    |
|-------------------------------------------------------------------------------------|
|                              Block                              |   Word  |   Byte  |
|               Tag              |              Set               |  OffSet |  OffSet |
|-------------------------------------------------------------------------------------|
|    0000000000000000000000000000|                              00|      ---|      XX |
|-------------------------------------------------------------------------------------|
|                         28 bits|                          2 bits|   0 bits|   2 bits|
|-------------------------------------------------------------------------------------|

----------------------- Step: 047 to 050 || Trace: 2 1 -----------------------

Location: CACHE
 Action = load operation  -  Access Type = hit 
 Cache Type = Accessing Unified Cache  -  Cache Level = 1 
|-------------------------------------------------------------------------------------|
|                         Byte Address: 000000000000000000000000000001XX (32 bits)    |
|                         Word Address: 000000000000000000000000000001   (30 bits)    |
|-------------------------------------------------------------------------------------|
|                              Block                              |   Word  |   Byte  |
|               Tag              |              Set               |  OffSet |  OffSet |
|-------------------------------------------------------------------------------------|
|    0000000000000000000000000000|                              01|      ---|      XX |
|-------------------------------------------------------------------------------------|
|                         28 bits|                          2 bits|   0 bits|   2 bits|
|-------------------------------------------------------------------------------------|

----------------------- Step: 048 to 050 || Trace: 2 2 -----------------------

Location: CACHE
 Action = load operation  -  Access Type = hit 
 Cache Type = Accessing Unified Cache  -  Cache Level = 1 
|-------------------------------------------------------------------------------------|
|                         Byte Address: 000000000000000000000000000010XX (32 bits)    |
|                         Word Address: 000000000000000000000000000010   (30 bits)    |
|-------------------------------------------------------------------------------------|
|                              Block                              |   Word  |   Byte  |
|               Tag              |              Set               |  OffSet |  OffSet |
|-------------------------------------------------------------------------------------|
|    0000000000000000000000000000|                              10|      ---|      XX |
|-------------------------------------------------------------------------------------|
|                         28 bits|                          2 bits|   0 bits|   2 bits|
|-------------------------------------------------------------------------------------|

----------------------- Step: 049 to 050 || Trace: 2 1 -----------------------

Location: CACHE
 Action = load operation  -  Access Type = hit 
 Cache Type = Accessing Unified Cache  -  Cache Level = 1 
|-------------------------------------------------------------------------------------|
|                         Byte Address: 000000000000000000000000000001XX (32 bits)    |
|                         Word Address: 000000000000000000000000000001   (30 bits)    |
|-------------------------------------------------------------------------------------|
|                              Block                              |   Word  |   Byte  |
|               Tag              |              Set               |  OffSet |  OffSet |
|-------------------------------------------------------------------------------------|
|    0000000000000000000000000000|                              01|      ---|      XX |
|-------------------------------------------------------------------------------------|
|                         28 bits|                          2 bits|   0 bits|   2 bits|
|-------------------------------------------------------------------------------------|

----------------------- Step: 050 to 050 || Trace: 2 0 -----------------------

Location: CACHE
 Action = load operation  -  Access Type = hit 
 Cache Type = Accessing Unified Cache  -  Cache Level = 1 
|-------------------------------------------------------------------------------------|
|                         Byte Address: 000000000000000000000000000000XX (32 bits)    |
|                         Word Address: 000000000000000000000000000000   (30 bits)    |
|-------------------------------------------------------------------------------------|
|                              Block                              |   Word  |   Byte  |
|               Tag              |              Set               |  OffSet |  OffSet |
|-------------------------------------------------------------------------------------|
|    0000000000000000000000000000|                              00|      ---|      XX |
|-------------------------------------------------------------------------------------|
|                         28 bits|                          2 bits|   0 bits|   2 bits|
|-------------------------------------------------------------------------------------|

------------------------------
---       Statistics       ---
------------------------------

Unified Cache - Level 1
  Read Access: 50
  Read Cycles: 50
  Read Time: 50
  Write Access: 0
  Write Cycles: 0
  Write Time: 0
  Total Access: 50
  Total Hit: 46
  Total Miss: 4
  Hit/rate: 0.92
  Total Time: 50

Main Memory
  Read Access: 4
  Read Cycles: 4
  Read Time: 40
  Write Access: 0
  Write Cycles: 0
  Write Time: 0
  Total Access: 4
  Total Time: 40

 Total Time: 90