------------------------------------
--- File created by Amnesia tool ---
------------------------------------


----------------------------------
--- Architecture Configuration ---
----------------------------------

--- Main Memory ---

Memory size: 8 word(s) 
Block size: 2 word(s)/block 
Cycles per access read: 1 unity 
Cycles per access write: 2 unity 
Time cycle: 10 time unity 

--- Cache Memory ---

Cache type: UNIFIED / Level: 1 
Memory size: 4 word(s) 
Block size: 2 word(s)/block 
Cycles per access read: 1 unity 
Cycles per access write: 2 unity 
Time cicle: 1 time unity 
Associativity level: 1 block(s)/set 
Write policy: WriteThrough 
Replacement algorithm: FIFO 


-------------------------
---       Trace       ---
-------------------------

2 0
2 4
2 0
2 4
2 0
2 1
2 2
2 3
2 1
2 5
2 1
2 5
2 0
2 4
2 0
2 4
2 1
2 5
2 0
2 4
2 1
2 5
2 0
2 4
2 1
2 5
2 0
2 4
2 1
2 5

------------------------------
---      Execution Log     ---
------------------------------

Location: MAINMEMORY
Action = Stored data in Main Memory  
Block = 0 


Location: MAINMEMORY
Action = Stored data in Main Memory  
Block = 1 


Location: MAINMEMORY
Action = Stored data in Main Memory  
Block = 2 


----------------------- Step: 001 to 030 || Trace: 2 0 -----------------------

Location: CACHE
 Action = load operation  -  Access Type = miss 
 Cache Type = Accessing Unified Cache  -  Cache Level = 1 
|-------------------------------------------------------------------------------------|
|                         Byte Address: 000000000000000000000000000000XX (32 bits)    |
|                         Word Address: 000000000000000000000000000000   (30 bits)    |
|-------------------------------------------------------------------------------------|
|                              Block                              |   Word  |   Byte  |
|               Tag              |              Set               |  OffSet |  OffSet |
|-------------------------------------------------------------------------------------|
|    0000000000000000000000000000|                               0|        0|      XX |
|-------------------------------------------------------------------------------------|
|                         28 bits|                          1 bits|   1 bits|   2 bits|
|-------------------------------------------------------------------------------------|

Location: MAINMEMORY
Action = Loading data from Main Memory  
Block = 0 


Location: CACHE
 Action = store operation  -  Access Type = miss 
 Cache Type = Accessing Unified Cache  -  Cache Level = 1 
|-------------------------------------------------------------------------------------|
|                         Byte Address: 000000000000000000000000000000XX (32 bits)    |
|                         Word Address: 000000000000000000000000000000   (30 bits)    |
|-------------------------------------------------------------------------------------|
|                              Block                              |   Word  |   Byte  |
|               Tag              |              Set               |  OffSet |  OffSet |
|-------------------------------------------------------------------------------------|
|    0000000000000000000000000000|                               0|        0|      XX |
|-------------------------------------------------------------------------------------|
|                         28 bits|                          1 bits|   1 bits|   2 bits|
|-------------------------------------------------------------------------------------|

----------------------- Step: 002 to 030 || Trace: 2 4 -----------------------

Location: CACHE
 Action = load operation  -  Access Type = miss 
 Cache Type = Accessing Unified Cache  -  Cache Level = 1 
|-------------------------------------------------------------------------------------|
|                         Byte Address: 000000000000000000000000000100XX (32 bits)    |
|                         Word Address: 000000000000000000000000000100   (30 bits)    |
|-------------------------------------------------------------------------------------|
|                              Block                              |   Word  |   Byte  |
|               Tag              |              Set               |  OffSet |  OffSet |
|-------------------------------------------------------------------------------------|
|    0000000000000000000000000001|                               0|        0|      XX |
|-------------------------------------------------------------------------------------|
|                         28 bits|                          1 bits|   1 bits|   2 bits|
|-------------------------------------------------------------------------------------|

Location: MAINMEMORY
Action = Loading data from Main Memory  
Block = 2 


Location: CACHE
 Action = store operation  -  Access Type = miss 
 Cache Type = Accessing Unified Cache  -  Cache Level = 1 
|-------------------------------------------------------------------------------------|
|                         Byte Address: 000000000000000000000000000100XX (32 bits)    |
|                         Word Address: 000000000000000000000000000100   (30 bits)    |
|-------------------------------------------------------------------------------------|
|                              Block                              |   Word  |   Byte  |
|               Tag              |              Set               |  OffSet |  OffSet |
|-------------------------------------------------------------------------------------|
|    0000000000000000000000000001|                               0|        0|      XX |
|-------------------------------------------------------------------------------------|
|                         28 bits|                          1 bits|   1 bits|   2 bits|
|-------------------------------------------------------------------------------------|

----------------------- Step: 003 to 030 || Trace: 2 0 -----------------------

Location: CACHE
 Action = load operation  -  Access Type = miss 
 Cache Type = Accessing Unified Cache  -  Cache Level = 1 
|-------------------------------------------------------------------------------------|
|                         Byte Address: 000000000000000000000000000000XX (32 bits)    |
|                         Word Address: 000000000000000000000000000000   (30 bits)    |
|-------------------------------------------------------------------------------------|
|                              Block                              |   Word  |   Byte  |
|               Tag              |              Set               |  OffSet |  OffSet |
|-------------------------------------------------------------------------------------|
|    0000000000000000000000000000|                               0|        0|      XX |
|-------------------------------------------------------------------------------------|
|                         28 bits|                          1 bits|   1 bits|   2 bits|
|-------------------------------------------------------------------------------------|

Location: MAINMEMORY
Action = Loading data from Main Memory  
Block = 0 


Location: CACHE
 Action = store operation  -  Access Type = miss 
 Cache Type = Accessing Unified Cache  -  Cache Level = 1 
|-------------------------------------------------------------------------------------|
|                         Byte Address: 000000000000000000000000000000XX (32 bits)    |
|                         Word Address: 000000000000000000000000000000   (30 bits)    |
|-------------------------------------------------------------------------------------|
|                              Block                              |   Word  |   Byte  |
|               Tag              |              Set               |  OffSet |  OffSet |
|-------------------------------------------------------------------------------------|
|    0000000000000000000000000000|                               0|        0|      XX |
|-------------------------------------------------------------------------------------|
|                         28 bits|                          1 bits|   1 bits|   2 bits|
|-------------------------------------------------------------------------------------|

----------------------- Step: 004 to 030 || Trace: 2 4 -----------------------

Location: CACHE
 Action = load operation  -  Access Type = miss 
 Cache Type = Accessing Unified Cache  -  Cache Level = 1 
|-------------------------------------------------------------------------------------|
|                         Byte Address: 000000000000000000000000000100XX (32 bits)    |
|                         Word Address: 000000000000000000000000000100   (30 bits)    |
|-------------------------------------------------------------------------------------|
|                              Block                              |   Word  |   Byte  |
|               Tag              |              Set               |  OffSet |  OffSet |
|-------------------------------------------------------------------------------------|
|    0000000000000000000000000001|                               0|        0|      XX |
|-------------------------------------------------------------------------------------|
|                         28 bits|                          1 bits|   1 bits|   2 bits|
|-------------------------------------------------------------------------------------|

Location: MAINMEMORY
Action = Loading data from Main Memory  
Block = 2 


Location: CACHE
 Action = store operation  -  Access Type = miss 
 Cache Type = Accessing Unified Cache  -  Cache Level = 1 
|-------------------------------------------------------------------------------------|
|                         Byte Address: 000000000000000000000000000100XX (32 bits)    |
|                         Word Address: 000000000000000000000000000100   (30 bits)    |
|-------------------------------------------------------------------------------------|
|                              Block                              |   Word  |   Byte  |
|               Tag              |              Set               |  OffSet |  OffSet |
|-------------------------------------------------------------------------------------|
|    0000000000000000000000000001|                               0|        0|      XX |
|-------------------------------------------------------------------------------------|
|                         28 bits|                          1 bits|   1 bits|   2 bits|
|-------------------------------------------------------------------------------------|

----------------------- Step: 005 to 030 || Trace: 2 0 -----------------------

Location: CACHE
 Action = load operation  -  Access Type = miss 
 Cache Type = Accessing Unified Cache  -  Cache Level = 1 
|-------------------------------------------------------------------------------------|
|                         Byte Address: 000000000000000000000000000000XX (32 bits)    |
|                         Word Address: 000000000000000000000000000000   (30 bits)    |
|-------------------------------------------------------------------------------------|
|                              Block                              |   Word  |   Byte  |
|               Tag              |              Set               |  OffSet |  OffSet |
|-------------------------------------------------------------------------------------|
|    0000000000000000000000000000|                               0|        0|      XX |
|-------------------------------------------------------------------------------------|
|                         28 bits|                          1 bits|   1 bits|   2 bits|
|-------------------------------------------------------------------------------------|

Location: MAINMEMORY
Action = Loading data from Main Memory  
Block = 0 


Location: CACHE
 Action = store operation  -  Access Type = miss 
 Cache Type = Accessing Unified Cache  -  Cache Level = 1 
|-------------------------------------------------------------------------------------|
|                         Byte Address: 000000000000000000000000000000XX (32 bits)    |
|                         Word Address: 000000000000000000000000000000   (30 bits)    |
|-------------------------------------------------------------------------------------|
|                              Block                              |   Word  |   Byte  |
|               Tag              |              Set               |  OffSet |  OffSet |
|-------------------------------------------------------------------------------------|
|    0000000000000000000000000000|                               0|        0|      XX |
|-------------------------------------------------------------------------------------|
|                         28 bits|                          1 bits|   1 bits|   2 bits|
|-------------------------------------------------------------------------------------|

----------------------- Step: 006 to 030 || Trace: 2 1 -----------------------

Location: CACHE
 Action = load operation  -  Access Type = hit 
 Cache Type = Accessing Unified Cache  -  Cache Level = 1 
|-------------------------------------------------------------------------------------|
|                         Byte Address: 000000000000000000000000000001XX (32 bits)    |
|                         Word Address: 000000000000000000000000000001   (30 bits)    |
|-------------------------------------------------------------------------------------|
|                              Block                              |   Word  |   Byte  |
|               Tag              |              Set               |  OffSet |  OffSet |
|-------------------------------------------------------------------------------------|
|    0000000000000000000000000000|                               0|        1|      XX |
|-------------------------------------------------------------------------------------|
|                         28 bits|                          1 bits|   1 bits|   2 bits|
|-------------------------------------------------------------------------------------|

----------------------- Step: 007 to 030 || Trace: 2 2 -----------------------

Location: CACHE
 Action = load operation  -  Access Type = miss 
 Cache Type = Accessing Unified Cache  -  Cache Level = 1 
|-------------------------------------------------------------------------------------|
|                         Byte Address: 000000000000000000000000000010XX (32 bits)    |
|                         Word Address: 000000000000000000000000000010   (30 bits)    |
|-------------------------------------------------------------------------------------|
|                              Block                              |   Word  |   Byte  |
|               Tag              |              Set               |  OffSet |  OffSet |
|-------------------------------------------------------------------------------------|
|    0000000000000000000000000000|                               1|        0|      XX |
|-------------------------------------------------------------------------------------|
|                         28 bits|                          1 bits|   1 bits|   2 bits|
|-------------------------------------------------------------------------------------|

Location: MAINMEMORY
Action = Loading data from Main Memory  
Block = 1 


Location: CACHE
 Action = store operation  -  Access Type = miss 
 Cache Type = Accessing Unified Cache  -  Cache Level = 1 
|-------------------------------------------------------------------------------------|
|                         Byte Address: 000000000000000000000000000010XX (32 bits)    |
|                         Word Address: 000000000000000000000000000010   (30 bits)    |
|-------------------------------------------------------------------------------------|
|                              Block                              |   Word  |   Byte  |
|               Tag              |              Set               |  OffSet |  OffSet |
|-------------------------------------------------------------------------------------|
|    0000000000000000000000000000|                               1|        0|      XX |
|-------------------------------------------------------------------------------------|
|                         28 bits|                          1 bits|   1 bits|   2 bits|
|-------------------------------------------------------------------------------------|

----------------------- Step: 008 to 030 || Trace: 2 3 -----------------------

Location: CACHE
 Action = load operation  -  Access Type = hit 
 Cache Type = Accessing Unified Cache  -  Cache Level = 1 
|-------------------------------------------------------------------------------------|
|                         Byte Address: 000000000000000000000000000011XX (32 bits)    |
|                         Word Address: 000000000000000000000000000011   (30 bits)    |
|-------------------------------------------------------------------------------------|
|                              Block                              |   Word  |   Byte  |
|               Tag              |              Set               |  OffSet |  OffSet |
|-------------------------------------------------------------------------------------|
|    0000000000000000000000000000|                               1|        1|      XX |
|-------------------------------------------------------------------------------------|
|                         28 bits|                          1 bits|   1 bits|   2 bits|
|-------------------------------------------------------------------------------------|

----------------------- Step: 009 to 030 || Trace: 2 1 -----------------------

Location: CACHE
 Action = load operation  -  Access Type = hit 
 Cache Type = Accessing Unified Cache  -  Cache Level = 1 
|-------------------------------------------------------------------------------------|
|                         Byte Address: 000000000000000000000000000001XX (32 bits)    |
|                         Word Address: 000000000000000000000000000001   (30 bits)    |
|-------------------------------------------------------------------------------------|
|                              Block                              |   Word  |   Byte  |
|               Tag              |              Set               |  OffSet |  OffSet |
|-------------------------------------------------------------------------------------|
|    0000000000000000000000000000|                               0|        1|      XX |
|-------------------------------------------------------------------------------------|
|                         28 bits|                          1 bits|   1 bits|   2 bits|
|-------------------------------------------------------------------------------------|

----------------------- Step: 010 to 030 || Trace: 2 5 -----------------------

Location: CACHE
 Action = load operation  -  Access Type = miss 
 Cache Type = Accessing Unified Cache  -  Cache Level = 1 
|-------------------------------------------------------------------------------------|
|                         Byte Address: 000000000000000000000000000101XX (32 bits)    |
|                         Word Address: 000000000000000000000000000101   (30 bits)    |
|-------------------------------------------------------------------------------------|
|                              Block                              |   Word  |   Byte  |
|               Tag              |              Set               |  OffSet |  OffSet |
|-------------------------------------------------------------------------------------|
|    0000000000000000000000000001|                               0|        1|      XX |
|-------------------------------------------------------------------------------------|
|                         28 bits|                          1 bits|   1 bits|   2 bits|
|-------------------------------------------------------------------------------------|

Location: MAINMEMORY
Action = Loading data from Main Memory  
Block = 2 


Location: CACHE
 Action = store operation  -  Access Type = miss 
 Cache Type = Accessing Unified Cache  -  Cache Level = 1 
|-------------------------------------------------------------------------------------|
|                         Byte Address: 000000000000000000000000000101XX (32 bits)    |
|                         Word Address: 000000000000000000000000000101   (30 bits)    |
|-------------------------------------------------------------------------------------|
|                              Block                              |   Word  |   Byte  |
|               Tag              |              Set               |  OffSet |  OffSet |
|-------------------------------------------------------------------------------------|
|    0000000000000000000000000001|                               0|        1|      XX |
|-------------------------------------------------------------------------------------|
|                         28 bits|                          1 bits|   1 bits|   2 bits|
|-------------------------------------------------------------------------------------|

----------------------- Step: 011 to 030 || Trace: 2 1 -----------------------

Location: CACHE
 Action = load operation  -  Access Type = miss 
 Cache Type = Accessing Unified Cache  -  Cache Level = 1 
|-------------------------------------------------------------------------------------|
|                         Byte Address: 000000000000000000000000000001XX (32 bits)    |
|                         Word Address: 000000000000000000000000000001   (30 bits)    |
|-------------------------------------------------------------------------------------|
|                              Block                              |   Word  |   Byte  |
|               Tag              |              Set               |  OffSet |  OffSet |
|-------------------------------------------------------------------------------------|
|    0000000000000000000000000000|                               0|        1|      XX |
|-------------------------------------------------------------------------------------|
|                         28 bits|                          1 bits|   1 bits|   2 bits|
|-------------------------------------------------------------------------------------|

Location: MAINMEMORY
Action = Loading data from Main Memory  
Block = 0 


Location: CACHE
 Action = store operation  -  Access Type = miss 
 Cache Type = Accessing Unified Cache  -  Cache Level = 1 
|-------------------------------------------------------------------------------------|
|                         Byte Address: 000000000000000000000000000001XX (32 bits)    |
|                         Word Address: 000000000000000000000000000001   (30 bits)    |
|-------------------------------------------------------------------------------------|
|                              Block                              |   Word  |   Byte  |
|               Tag              |              Set               |  OffSet |  OffSet |
|-------------------------------------------------------------------------------------|
|    0000000000000000000000000000|                               0|        1|      XX |
|-------------------------------------------------------------------------------------|
|                         28 bits|                          1 bits|   1 bits|   2 bits|
|-------------------------------------------------------------------------------------|

----------------------- Step: 012 to 030 || Trace: 2 5 -----------------------

Location: CACHE
 Action = load operation  -  Access Type = miss 
 Cache Type = Accessing Unified Cache  -  Cache Level = 1 
|-------------------------------------------------------------------------------------|
|                         Byte Address: 000000000000000000000000000101XX (32 bits)    |
|                         Word Address: 000000000000000000000000000101   (30 bits)    |
|-------------------------------------------------------------------------------------|
|                              Block                              |   Word  |   Byte  |
|               Tag              |              Set               |  OffSet |  OffSet |
|-------------------------------------------------------------------------------------|
|    0000000000000000000000000001|                               0|        1|      XX |
|-------------------------------------------------------------------------------------|
|                         28 bits|                          1 bits|   1 bits|   2 bits|
|-------------------------------------------------------------------------------------|

Location: MAINMEMORY
Action = Loading data from Main Memory  
Block = 2 


Location: CACHE
 Action = store operation  -  Access Type = miss 
 Cache Type = Accessing Unified Cache  -  Cache Level = 1 
|-------------------------------------------------------------------------------------|
|                         Byte Address: 000000000000000000000000000101XX (32 bits)    |
|                         Word Address: 000000000000000000000000000101   (30 bits)    |
|-------------------------------------------------------------------------------------|
|                              Block                              |   Word  |   Byte  |
|               Tag              |              Set               |  OffSet |  OffSet |
|-------------------------------------------------------------------------------------|
|    0000000000000000000000000001|                               0|        1|      XX |
|-------------------------------------------------------------------------------------|
|                         28 bits|                          1 bits|   1 bits|   2 bits|
|-------------------------------------------------------------------------------------|

----------------------- Step: 013 to 030 || Trace: 2 0 -----------------------

Location: CACHE
 Action = load operation  -  Access Type = miss 
 Cache Type = Accessing Unified Cache  -  Cache Level = 1 
|-------------------------------------------------------------------------------------|
|                         Byte Address: 000000000000000000000000000000XX (32 bits)    |
|                         Word Address: 000000000000000000000000000000   (30 bits)    |
|-------------------------------------------------------------------------------------|
|                              Block                              |   Word  |   Byte  |
|               Tag              |              Set               |  OffSet |  OffSet |
|-------------------------------------------------------------------------------------|
|    0000000000000000000000000000|                               0|        0|      XX |
|-------------------------------------------------------------------------------------|
|                         28 bits|                          1 bits|   1 bits|   2 bits|
|-------------------------------------------------------------------------------------|

Location: MAINMEMORY
Action = Loading data from Main Memory  
Block = 0 


Location: CACHE
 Action = store operation  -  Access Type = miss 
 Cache Type = Accessing Unified Cache  -  Cache Level = 1 
|-------------------------------------------------------------------------------------|
|                         Byte Address: 000000000000000000000000000000XX (32 bits)    |
|                         Word Address: 000000000000000000000000000000   (30 bits)    |
|-------------------------------------------------------------------------------------|
|                              Block                              |   Word  |   Byte  |
|               Tag              |              Set               |  OffSet |  OffSet |
|-------------------------------------------------------------------------------------|
|    0000000000000000000000000000|                               0|        0|      XX |
|-------------------------------------------------------------------------------------|
|                         28 bits|                          1 bits|   1 bits|   2 bits|
|-------------------------------------------------------------------------------------|

----------------------- Step: 014 to 030 || Trace: 2 4 -----------------------

Location: CACHE
 Action = load operation  -  Access Type = miss 
 Cache Type = Accessing Unified Cache  -  Cache Level = 1 
|-------------------------------------------------------------------------------------|
|                         Byte Address: 000000000000000000000000000100XX (32 bits)    |
|                         Word Address: 000000000000000000000000000100   (30 bits)    |
|-------------------------------------------------------------------------------------|
|                              Block                              |   Word  |   Byte  |
|               Tag              |              Set               |  OffSet |  OffSet |
|-------------------------------------------------------------------------------------|
|    0000000000000000000000000001|                               0|        0|      XX |
|-------------------------------------------------------------------------------------|
|                         28 bits|                          1 bits|   1 bits|   2 bits|
|-------------------------------------------------------------------------------------|

Location: MAINMEMORY
Action = Loading data from Main Memory  
Block = 2 


Location: CACHE
 Action = store operation  -  Access Type = miss 
 Cache Type = Accessing Unified Cache  -  Cache Level = 1 
|-------------------------------------------------------------------------------------|
|                         Byte Address: 000000000000000000000000000100XX (32 bits)    |
|                         Word Address: 000000000000000000000000000100   (30 bits)    |
|-------------------------------------------------------------------------------------|
|                              Block                              |   Word  |   Byte  |
|               Tag              |              Set               |  OffSet |  OffSet |
|-------------------------------------------------------------------------------------|
|    0000000000000000000000000001|                               0|        0|      XX |
|-------------------------------------------------------------------------------------|
|                         28 bits|                          1 bits|   1 bits|   2 bits|
|-------------------------------------------------------------------------------------|

----------------------- Step: 015 to 030 || Trace: 2 0 -----------------------

Location: CACHE
 Action = load operation  -  Access Type = miss 
 Cache Type = Accessing Unified Cache  -  Cache Level = 1 
|-------------------------------------------------------------------------------------|
|                         Byte Address: 000000000000000000000000000000XX (32 bits)    |
|                         Word Address: 000000000000000000000000000000   (30 bits)    |
|-------------------------------------------------------------------------------------|
|                              Block                              |   Word  |   Byte  |
|               Tag              |              Set               |  OffSet |  OffSet |
|-------------------------------------------------------------------------------------|
|    0000000000000000000000000000|                               0|        0|      XX |
|-------------------------------------------------------------------------------------|
|                         28 bits|                          1 bits|   1 bits|   2 bits|
|-------------------------------------------------------------------------------------|

Location: MAINMEMORY
Action = Loading data from Main Memory  
Block = 0 


Location: CACHE
 Action = store operation  -  Access Type = miss 
 Cache Type = Accessing Unified Cache  -  Cache Level = 1 
|-------------------------------------------------------------------------------------|
|                         Byte Address: 000000000000000000000000000000XX (32 bits)    |
|                         Word Address: 000000000000000000000000000000   (30 bits)    |
|-------------------------------------------------------------------------------------|
|                              Block                              |   Word  |   Byte  |
|               Tag              |              Set               |  OffSet |  OffSet |
|-------------------------------------------------------------------------------------|
|    0000000000000000000000000000|                               0|        0|      XX |
|-------------------------------------------------------------------------------------|
|                         28 bits|                          1 bits|   1 bits|   2 bits|
|-------------------------------------------------------------------------------------|

----------------------- Step: 016 to 030 || Trace: 2 4 -----------------------

Location: CACHE
 Action = load operation  -  Access Type = miss 
 Cache Type = Accessing Unified Cache  -  Cache Level = 1 
|-------------------------------------------------------------------------------------|
|                         Byte Address: 000000000000000000000000000100XX (32 bits)    |
|                         Word Address: 000000000000000000000000000100   (30 bits)    |
|-------------------------------------------------------------------------------------|
|                              Block                              |   Word  |   Byte  |
|               Tag              |              Set               |  OffSet |  OffSet |
|-------------------------------------------------------------------------------------|
|    0000000000000000000000000001|                               0|        0|      XX |
|-------------------------------------------------------------------------------------|
|                         28 bits|                          1 bits|   1 bits|   2 bits|
|-------------------------------------------------------------------------------------|

Location: MAINMEMORY
Action = Loading data from Main Memory  
Block = 2 


Location: CACHE
 Action = store operation  -  Access Type = miss 
 Cache Type = Accessing Unified Cache  -  Cache Level = 1 
|-------------------------------------------------------------------------------------|
|                         Byte Address: 000000000000000000000000000100XX (32 bits)    |
|                         Word Address: 000000000000000000000000000100   (30 bits)    |
|-------------------------------------------------------------------------------------|
|                              Block                              |   Word  |   Byte  |
|               Tag              |              Set               |  OffSet |  OffSet |
|-------------------------------------------------------------------------------------|
|    0000000000000000000000000001|                               0|        0|      XX |
|-------------------------------------------------------------------------------------|
|                         28 bits|                          1 bits|   1 bits|   2 bits|
|-------------------------------------------------------------------------------------|

----------------------- Step: 017 to 030 || Trace: 2 1 -----------------------

Location: CACHE
 Action = load operation  -  Access Type = miss 
 Cache Type = Accessing Unified Cache  -  Cache Level = 1 
|-------------------------------------------------------------------------------------|
|                         Byte Address: 000000000000000000000000000001XX (32 bits)    |
|                         Word Address: 000000000000000000000000000001   (30 bits)    |
|-------------------------------------------------------------------------------------|
|                              Block                              |   Word  |   Byte  |
|               Tag              |              Set               |  OffSet |  OffSet |
|-------------------------------------------------------------------------------------|
|    0000000000000000000000000000|                               0|        1|      XX |
|-------------------------------------------------------------------------------------|
|                         28 bits|                          1 bits|   1 bits|   2 bits|
|-------------------------------------------------------------------------------------|

Location: MAINMEMORY
Action = Loading data from Main Memory  
Block = 0 


Location: CACHE
 Action = store operation  -  Access Type = miss 
 Cache Type = Accessing Unified Cache  -  Cache Level = 1 
|-------------------------------------------------------------------------------------|
|                         Byte Address: 000000000000000000000000000001XX (32 bits)    |
|                         Word Address: 000000000000000000000000000001   (30 bits)    |
|-------------------------------------------------------------------------------------|
|                              Block                              |   Word  |   Byte  |
|               Tag              |              Set               |  OffSet |  OffSet |
|-------------------------------------------------------------------------------------|
|    0000000000000000000000000000|                               0|        1|      XX |
|-------------------------------------------------------------------------------------|
|                         28 bits|                          1 bits|   1 bits|   2 bits|
|-------------------------------------------------------------------------------------|

----------------------- Step: 018 to 030 || Trace: 2 5 -----------------------

Location: CACHE
 Action = load operation  -  Access Type = miss 
 Cache Type = Accessing Unified Cache  -  Cache Level = 1 
|-------------------------------------------------------------------------------------|
|                         Byte Address: 000000000000000000000000000101XX (32 bits)    |
|                         Word Address: 000000000000000000000000000101   (30 bits)    |
|-------------------------------------------------------------------------------------|
|                              Block                              |   Word  |   Byte  |
|               Tag              |              Set               |  OffSet |  OffSet |
|-------------------------------------------------------------------------------------|
|    0000000000000000000000000001|                               0|        1|      XX |
|-------------------------------------------------------------------------------------|
|                         28 bits|                          1 bits|   1 bits|   2 bits|
|-------------------------------------------------------------------------------------|

Location: MAINMEMORY
Action = Loading data from Main Memory  
Block = 2 


Location: CACHE
 Action = store operation  -  Access Type = miss 
 Cache Type = Accessing Unified Cache  -  Cache Level = 1 
|-------------------------------------------------------------------------------------|
|                         Byte Address: 000000000000000000000000000101XX (32 bits)    |
|                         Word Address: 000000000000000000000000000101   (30 bits)    |
|-------------------------------------------------------------------------------------|
|                              Block                              |   Word  |   Byte  |
|               Tag              |              Set               |  OffSet |  OffSet |
|-------------------------------------------------------------------------------------|
|    0000000000000000000000000001|                               0|        1|      XX |
|-------------------------------------------------------------------------------------|
|                         28 bits|                          1 bits|   1 bits|   2 bits|
|-------------------------------------------------------------------------------------|

----------------------- Step: 019 to 030 || Trace: 2 0 -----------------------

Location: CACHE
 Action = load operation  -  Access Type = miss 
 Cache Type = Accessing Unified Cache  -  Cache Level = 1 
|-------------------------------------------------------------------------------------|
|                         Byte Address: 000000000000000000000000000000XX (32 bits)    |
|                         Word Address: 000000000000000000000000000000   (30 bits)    |
|-------------------------------------------------------------------------------------|
|                              Block                              |   Word  |   Byte  |
|               Tag              |              Set               |  OffSet |  OffSet |
|-------------------------------------------------------------------------------------|
|    0000000000000000000000000000|                               0|        0|      XX |
|-------------------------------------------------------------------------------------|
|                         28 bits|                          1 bits|   1 bits|   2 bits|
|-------------------------------------------------------------------------------------|

Location: MAINMEMORY
Action = Loading data from Main Memory  
Block = 0 


Location: CACHE
 Action = store operation  -  Access Type = miss 
 Cache Type = Accessing Unified Cache  -  Cache Level = 1 
|-------------------------------------------------------------------------------------|
|                         Byte Address: 000000000000000000000000000000XX (32 bits)    |
|                         Word Address: 000000000000000000000000000000   (30 bits)    |
|-------------------------------------------------------------------------------------|
|                              Block                              |   Word  |   Byte  |
|               Tag              |              Set               |  OffSet |  OffSet |
|-------------------------------------------------------------------------------------|
|    0000000000000000000000000000|                               0|        0|      XX |
|-------------------------------------------------------------------------------------|
|                         28 bits|                          1 bits|   1 bits|   2 bits|
|-------------------------------------------------------------------------------------|

----------------------- Step: 020 to 030 || Trace: 2 4 -----------------------

Location: CACHE
 Action = load operation  -  Access Type = miss 
 Cache Type = Accessing Unified Cache  -  Cache Level = 1 
|-------------------------------------------------------------------------------------|
|                         Byte Address: 000000000000000000000000000100XX (32 bits)    |
|                         Word Address: 000000000000000000000000000100   (30 bits)    |
|-------------------------------------------------------------------------------------|
|                              Block                              |   Word  |   Byte  |
|               Tag              |              Set               |  OffSet |  OffSet |
|-------------------------------------------------------------------------------------|
|    0000000000000000000000000001|                               0|        0|      XX |
|-------------------------------------------------------------------------------------|
|                         28 bits|                          1 bits|   1 bits|   2 bits|
|-------------------------------------------------------------------------------------|

Location: MAINMEMORY
Action = Loading data from Main Memory  
Block = 2 


Location: CACHE
 Action = store operation  -  Access Type = miss 
 Cache Type = Accessing Unified Cache  -  Cache Level = 1 
|-------------------------------------------------------------------------------------|
|                         Byte Address: 000000000000000000000000000100XX (32 bits)    |
|                         Word Address: 000000000000000000000000000100   (30 bits)    |
|-------------------------------------------------------------------------------------|
|                              Block                              |   Word  |   Byte  |
|               Tag              |              Set               |  OffSet |  OffSet |
|-------------------------------------------------------------------------------------|
|    0000000000000000000000000001|                               0|        0|      XX |
|-------------------------------------------------------------------------------------|
|                         28 bits|                          1 bits|   1 bits|   2 bits|
|-------------------------------------------------------------------------------------|

----------------------- Step: 021 to 030 || Trace: 2 1 -----------------------

Location: CACHE
 Action = load operation  -  Access Type = miss 
 Cache Type = Accessing Unified Cache  -  Cache Level = 1 
|-------------------------------------------------------------------------------------|
|                         Byte Address: 000000000000000000000000000001XX (32 bits)    |
|                         Word Address: 000000000000000000000000000001   (30 bits)    |
|-------------------------------------------------------------------------------------|
|                              Block                              |   Word  |   Byte  |
|               Tag              |              Set               |  OffSet |  OffSet |
|-------------------------------------------------------------------------------------|
|    0000000000000000000000000000|                               0|        1|      XX |
|-------------------------------------------------------------------------------------|
|                         28 bits|                          1 bits|   1 bits|   2 bits|
|-------------------------------------------------------------------------------------|

Location: MAINMEMORY
Action = Loading data from Main Memory  
Block = 0 


Location: CACHE
 Action = store operation  -  Access Type = miss 
 Cache Type = Accessing Unified Cache  -  Cache Level = 1 
|-------------------------------------------------------------------------------------|
|                         Byte Address: 000000000000000000000000000001XX (32 bits)    |
|                         Word Address: 000000000000000000000000000001   (30 bits)    |
|-------------------------------------------------------------------------------------|
|                              Block                              |   Word  |   Byte  |
|               Tag              |              Set               |  OffSet |  OffSet |
|-------------------------------------------------------------------------------------|
|    0000000000000000000000000000|                               0|        1|      XX |
|-------------------------------------------------------------------------------------|
|                         28 bits|                          1 bits|   1 bits|   2 bits|
|-------------------------------------------------------------------------------------|

----------------------- Step: 022 to 030 || Trace: 2 5 -----------------------

Location: CACHE
 Action = load operation  -  Access Type = miss 
 Cache Type = Accessing Unified Cache  -  Cache Level = 1 
|-------------------------------------------------------------------------------------|
|                         Byte Address: 000000000000000000000000000101XX (32 bits)    |
|                         Word Address: 000000000000000000000000000101   (30 bits)    |
|-------------------------------------------------------------------------------------|
|                              Block                              |   Word  |   Byte  |
|               Tag              |              Set               |  OffSet |  OffSet |
|-------------------------------------------------------------------------------------|
|    0000000000000000000000000001|                               0|        1|      XX |
|-------------------------------------------------------------------------------------|
|                         28 bits|                          1 bits|   1 bits|   2 bits|
|-------------------------------------------------------------------------------------|

Location: MAINMEMORY
Action = Loading data from Main Memory  
Block = 2 


Location: CACHE
 Action = store operation  -  Access Type = miss 
 Cache Type = Accessing Unified Cache  -  Cache Level = 1 
|-------------------------------------------------------------------------------------|
|                         Byte Address: 000000000000000000000000000101XX (32 bits)    |
|                         Word Address: 000000000000000000000000000101   (30 bits)    |
|-------------------------------------------------------------------------------------|
|                              Block                              |   Word  |   Byte  |
|               Tag              |              Set               |  OffSet |  OffSet |
|-------------------------------------------------------------------------------------|
|    0000000000000000000000000001|                               0|        1|      XX |
|-------------------------------------------------------------------------------------|
|                         28 bits|                          1 bits|   1 bits|   2 bits|
|-------------------------------------------------------------------------------------|

----------------------- Step: 023 to 030 || Trace: 2 0 -----------------------

Location: CACHE
 Action = load operation  -  Access Type = miss 
 Cache Type = Accessing Unified Cache  -  Cache Level = 1 
|-------------------------------------------------------------------------------------|
|                         Byte Address: 000000000000000000000000000000XX (32 bits)    |
|                         Word Address: 000000000000000000000000000000   (30 bits)    |
|-------------------------------------------------------------------------------------|
|                              Block                              |   Word  |   Byte  |
|               Tag              |              Set               |  OffSet |  OffSet |
|-------------------------------------------------------------------------------------|
|    0000000000000000000000000000|                               0|        0|      XX |
|-------------------------------------------------------------------------------------|
|                         28 bits|                          1 bits|   1 bits|   2 bits|
|-------------------------------------------------------------------------------------|

Location: MAINMEMORY
Action = Loading data from Main Memory  
Block = 0 


Location: CACHE
 Action = store operation  -  Access Type = miss 
 Cache Type = Accessing Unified Cache  -  Cache Level = 1 
|-------------------------------------------------------------------------------------|
|                         Byte Address: 000000000000000000000000000000XX (32 bits)    |
|                         Word Address: 000000000000000000000000000000   (30 bits)    |
|-------------------------------------------------------------------------------------|
|                              Block                              |   Word  |   Byte  |
|               Tag              |              Set               |  OffSet |  OffSet |
|-------------------------------------------------------------------------------------|
|    0000000000000000000000000000|                               0|        0|      XX |
|-------------------------------------------------------------------------------------|
|                         28 bits|                          1 bits|   1 bits|   2 bits|
|-------------------------------------------------------------------------------------|

----------------------- Step: 024 to 030 || Trace: 2 4 -----------------------

Location: CACHE
 Action = load operation  -  Access Type = miss 
 Cache Type = Accessing Unified Cache  -  Cache Level = 1 
|-------------------------------------------------------------------------------------|
|                         Byte Address: 000000000000000000000000000100XX (32 bits)    |
|                         Word Address: 000000000000000000000000000100   (30 bits)    |
|-------------------------------------------------------------------------------------|
|                              Block                              |   Word  |   Byte  |
|               Tag              |              Set               |  OffSet |  OffSet |
|-------------------------------------------------------------------------------------|
|    0000000000000000000000000001|                               0|        0|      XX |
|-------------------------------------------------------------------------------------|
|                         28 bits|                          1 bits|   1 bits|   2 bits|
|-------------------------------------------------------------------------------------|

Location: MAINMEMORY
Action = Loading data from Main Memory  
Block = 2 


Location: CACHE
 Action = store operation  -  Access Type = miss 
 Cache Type = Accessing Unified Cache  -  Cache Level = 1 
|-------------------------------------------------------------------------------------|
|                         Byte Address: 000000000000000000000000000100XX (32 bits)    |
|                         Word Address: 000000000000000000000000000100   (30 bits)    |
|-------------------------------------------------------------------------------------|
|                              Block                              |   Word  |   Byte  |
|               Tag              |              Set               |  OffSet |  OffSet |
|-------------------------------------------------------------------------------------|
|    0000000000000000000000000001|                               0|        0|      XX |
|-------------------------------------------------------------------------------------|
|                         28 bits|                          1 bits|   1 bits|   2 bits|
|-------------------------------------------------------------------------------------|

----------------------- Step: 025 to 030 || Trace: 2 1 -----------------------

Location: CACHE
 Action = load operation  -  Access Type = miss 
 Cache Type = Accessing Unified Cache  -  Cache Level = 1 
|-------------------------------------------------------------------------------------|
|                         Byte Address: 000000000000000000000000000001XX (32 bits)    |
|                         Word Address: 000000000000000000000000000001   (30 bits)    |
|-------------------------------------------------------------------------------------|
|                              Block                              |   Word  |   Byte  |
|               Tag              |              Set               |  OffSet |  OffSet |
|-------------------------------------------------------------------------------------|
|    0000000000000000000000000000|                               0|        1|      XX |
|-------------------------------------------------------------------------------------|
|                         28 bits|                          1 bits|   1 bits|   2 bits|
|-------------------------------------------------------------------------------------|

Location: MAINMEMORY
Action = Loading data from Main Memory  
Block = 0 


Location: CACHE
 Action = store operation  -  Access Type = miss 
 Cache Type = Accessing Unified Cache  -  Cache Level = 1 
|-------------------------------------------------------------------------------------|
|                         Byte Address: 000000000000000000000000000001XX (32 bits)    |
|                         Word Address: 000000000000000000000000000001   (30 bits)    |
|-------------------------------------------------------------------------------------|
|                              Block                              |   Word  |   Byte  |
|               Tag              |              Set               |  OffSet |  OffSet |
|-------------------------------------------------------------------------------------|
|    0000000000000000000000000000|                               0|        1|      XX |
|-------------------------------------------------------------------------------------|
|                         28 bits|                          1 bits|   1 bits|   2 bits|
|-------------------------------------------------------------------------------------|

----------------------- Step: 026 to 030 || Trace: 2 5 -----------------------

Location: CACHE
 Action = load operation  -  Access Type = miss 
 Cache Type = Accessing Unified Cache  -  Cache Level = 1 
|-------------------------------------------------------------------------------------|
|                         Byte Address: 000000000000000000000000000101XX (32 bits)    |
|                         Word Address: 000000000000000000000000000101   (30 bits)    |
|-------------------------------------------------------------------------------------|
|                              Block                              |   Word  |   Byte  |
|               Tag              |              Set               |  OffSet |  OffSet |
|-------------------------------------------------------------------------------------|
|    0000000000000000000000000001|                               0|        1|      XX |
|-------------------------------------------------------------------------------------|
|                         28 bits|                          1 bits|   1 bits|   2 bits|
|-------------------------------------------------------------------------------------|

Location: MAINMEMORY
Action = Loading data from Main Memory  
Block = 2 


Location: CACHE
 Action = store operation  -  Access Type = miss 
 Cache Type = Accessing Unified Cache  -  Cache Level = 1 
|-------------------------------------------------------------------------------------|
|                         Byte Address: 000000000000000000000000000101XX (32 bits)    |
|                         Word Address: 000000000000000000000000000101   (30 bits)    |
|-------------------------------------------------------------------------------------|
|                              Block                              |   Word  |   Byte  |
|               Tag              |              Set               |  OffSet |  OffSet |
|-------------------------------------------------------------------------------------|
|    0000000000000000000000000001|                               0|        1|      XX |
|-------------------------------------------------------------------------------------|
|                         28 bits|                          1 bits|   1 bits|   2 bits|
|-------------------------------------------------------------------------------------|

----------------------- Step: 027 to 030 || Trace: 2 0 -----------------------

Location: CACHE
 Action = load operation  -  Access Type = miss 
 Cache Type = Accessing Unified Cache  -  Cache Level = 1 
|-------------------------------------------------------------------------------------|
|                         Byte Address: 000000000000000000000000000000XX (32 bits)    |
|                         Word Address: 000000000000000000000000000000   (30 bits)    |
|-------------------------------------------------------------------------------------|
|                              Block                              |   Word  |   Byte  |
|               Tag              |              Set               |  OffSet |  OffSet |
|-------------------------------------------------------------------------------------|
|    0000000000000000000000000000|                               0|        0|      XX |
|-------------------------------------------------------------------------------------|
|                         28 bits|                          1 bits|   1 bits|   2 bits|
|-------------------------------------------------------------------------------------|

Location: MAINMEMORY
Action = Loading data from Main Memory  
Block = 0 


Location: CACHE
 Action = store operation  -  Access Type = miss 
 Cache Type = Accessing Unified Cache  -  Cache Level = 1 
|-------------------------------------------------------------------------------------|
|                         Byte Address: 000000000000000000000000000000XX (32 bits)    |
|                         Word Address: 000000000000000000000000000000   (30 bits)    |
|-------------------------------------------------------------------------------------|
|                              Block                              |   Word  |   Byte  |
|               Tag              |              Set               |  OffSet |  OffSet |
|-------------------------------------------------------------------------------------|
|    0000000000000000000000000000|                               0|        0|      XX |
|-------------------------------------------------------------------------------------|
|                         28 bits|                          1 bits|   1 bits|   2 bits|
|-------------------------------------------------------------------------------------|

----------------------- Step: 028 to 030 || Trace: 2 4 -----------------------

Location: CACHE
 Action = load operation  -  Access Type = miss 
 Cache Type = Accessing Unified Cache  -  Cache Level = 1 
|-------------------------------------------------------------------------------------|
|                         Byte Address: 000000000000000000000000000100XX (32 bits)    |
|                         Word Address: 000000000000000000000000000100   (30 bits)    |
|-------------------------------------------------------------------------------------|
|                              Block                              |   Word  |   Byte  |
|               Tag              |              Set               |  OffSet |  OffSet |
|-------------------------------------------------------------------------------------|
|    0000000000000000000000000001|                               0|        0|      XX |
|-------------------------------------------------------------------------------------|
|                         28 bits|                          1 bits|   1 bits|   2 bits|
|-------------------------------------------------------------------------------------|

Location: MAINMEMORY
Action = Loading data from Main Memory  
Block = 2 


Location: CACHE
 Action = store operation  -  Access Type = miss 
 Cache Type = Accessing Unified Cache  -  Cache Level = 1 
|-------------------------------------------------------------------------------------|
|                         Byte Address: 000000000000000000000000000100XX (32 bits)    |
|                         Word Address: 000000000000000000000000000100   (30 bits)    |
|-------------------------------------------------------------------------------------|
|                              Block                              |   Word  |   Byte  |
|               Tag              |              Set               |  OffSet |  OffSet |
|-------------------------------------------------------------------------------------|
|    0000000000000000000000000001|                               0|        0|      XX |
|-------------------------------------------------------------------------------------|
|                         28 bits|                          1 bits|   1 bits|   2 bits|
|-------------------------------------------------------------------------------------|

----------------------- Step: 029 to 030 || Trace: 2 1 -----------------------

Location: CACHE
 Action = load operation  -  Access Type = miss 
 Cache Type = Accessing Unified Cache  -  Cache Level = 1 
|-------------------------------------------------------------------------------------|
|                         Byte Address: 000000000000000000000000000001XX (32 bits)    |
|                         Word Address: 000000000000000000000000000001   (30 bits)    |
|-------------------------------------------------------------------------------------|
|                              Block                              |   Word  |   Byte  |
|               Tag              |              Set               |  OffSet |  OffSet |
|-------------------------------------------------------------------------------------|
|    0000000000000000000000000000|                               0|        1|      XX |
|-------------------------------------------------------------------------------------|
|                         28 bits|                          1 bits|   1 bits|   2 bits|
|-------------------------------------------------------------------------------------|

Location: MAINMEMORY
Action = Loading data from Main Memory  
Block = 0 


Location: CACHE
 Action = store operation  -  Access Type = miss 
 Cache Type = Accessing Unified Cache  -  Cache Level = 1 
|-------------------------------------------------------------------------------------|
|                         Byte Address: 000000000000000000000000000001XX (32 bits)    |
|                         Word Address: 000000000000000000000000000001   (30 bits)    |
|-------------------------------------------------------------------------------------|
|                              Block                              |   Word  |   Byte  |
|               Tag              |              Set               |  OffSet |  OffSet |
|-------------------------------------------------------------------------------------|
|    0000000000000000000000000000|                               0|        1|      XX |
|-------------------------------------------------------------------------------------|
|                         28 bits|                          1 bits|   1 bits|   2 bits|
|-------------------------------------------------------------------------------------|

----------------------- Step: 030 to 030 || Trace: 2 5 -----------------------

Location: CACHE
 Action = load operation  -  Access Type = miss 
 Cache Type = Accessing Unified Cache  -  Cache Level = 1 
|-------------------------------------------------------------------------------------|
|                         Byte Address: 000000000000000000000000000101XX (32 bits)    |
|                         Word Address: 000000000000000000000000000101   (30 bits)    |
|-------------------------------------------------------------------------------------|
|                              Block                              |   Word  |   Byte  |
|               Tag              |              Set               |  OffSet |  OffSet |
|-------------------------------------------------------------------------------------|
|    0000000000000000000000000001|                               0|        1|      XX |
|-------------------------------------------------------------------------------------|
|                         28 bits|                          1 bits|   1 bits|   2 bits|
|-------------------------------------------------------------------------------------|

Location: MAINMEMORY
Action = Loading data from Main Memory  
Block = 2 


Location: CACHE
 Action = store operation  -  Access Type = miss 
 Cache Type = Accessing Unified Cache  -  Cache Level = 1 
|-------------------------------------------------------------------------------------|
|                         Byte Address: 000000000000000000000000000101XX (32 bits)    |
|                         Word Address: 000000000000000000000000000101   (30 bits)    |
|-------------------------------------------------------------------------------------|
|                              Block                              |   Word  |   Byte  |
|               Tag              |              Set               |  OffSet |  OffSet |
|-------------------------------------------------------------------------------------|
|    0000000000000000000000000001|                               0|        1|      XX |
|-------------------------------------------------------------------------------------|
|                         28 bits|                          1 bits|   1 bits|   2 bits|
|-------------------------------------------------------------------------------------|

------------------------------
---       Statistics       ---
------------------------------

Unified Cache - Level 1
  Read Access: 30
  Read Cycles: 30
  Read Time: 30
  Write Access: 0
  Write Cycles: 0
  Write Time: 0
  Total Access: 30
  Total Hit: 3
  Total Miss: 27
  Hit/rate: 0.1
  Total Time: 30

Main Memory
  Read Access: 27
  Read Cycles: 27
  Read Time: 270
  Write Access: 0
  Write Cycles: 0
  Write Time: 0
  Total Access: 27
  Total Time: 270

 Total Time: 300